{"/home/hettiemcc/documents/fac/projects/teach-fish-frontend/src/App.js": {"path":"/home/hettiemcc/documents/fac/projects/teach-fish-frontend/src/App.js","statementMap":{"0":{"start":{"line":16,"column":12},"end":{"line":58,"column":1}},"1":{"start":{"line":17,"column":34},"end":{"line":17,"column":52}},"2":{"start":{"line":18,"column":2},"end":{"line":29,"column":9}},"3":{"start":{"line":19,"column":17},"end":{"line":19,"column":46}},"4":{"start":{"line":20,"column":4},"end":{"line":24,"column":5}},"5":{"start":{"line":21,"column":6},"end":{"line":21,"column":34}},"6":{"start":{"line":23,"column":6},"end":{"line":23,"column":18}},"7":{"start":{"line":25,"column":4},"end":{"line":25,"column":78}},"8":{"start":{"line":25,"column":42},"end":{"line":25,"column":76}},"9":{"start":{"line":26,"column":4},"end":{"line":28,"column":6}},"10":{"start":{"line":27,"column":6},"end":{"line":27,"column":47}},"11":{"start":{"line":31,"column":2},"end":{"line":57,"column":4}},"12":{"start":{"line":36,"column":51},"end":{"line":36,"column":62}},"13":{"start":{"line":37,"column":50},"end":{"line":37,"column":59}},"14":{"start":{"line":38,"column":51},"end":{"line":38,"column":61}}},"fnMap":{"0":{"name":"(anonymous_0)","decl":{"start":{"line":16,"column":12},"end":{"line":16,"column":13}},"loc":{"start":{"line":16,"column":18},"end":{"line":58,"column":1}},"line":16},"1":{"name":"(anonymous_1)","decl":{"start":{"line":18,"column":18},"end":{"line":18,"column":19}},"loc":{"start":{"line":18,"column":24},"end":{"line":29,"column":3}},"line":18},"2":{"name":"(anonymous_2)","decl":{"start":{"line":25,"column":32},"end":{"line":25,"column":33}},"loc":{"start":{"line":25,"column":42},"end":{"line":25,"column":76}},"line":25},"3":{"name":"(anonymous_3)","decl":{"start":{"line":26,"column":33},"end":{"line":26,"column":34}},"loc":{"start":{"line":27,"column":6},"end":{"line":27,"column":47}},"line":27},"4":{"name":"(anonymous_4)","decl":{"start":{"line":36,"column":45},"end":{"line":36,"column":46}},"loc":{"start":{"line":36,"column":51},"end":{"line":36,"column":62}},"line":36},"5":{"name":"(anonymous_5)","decl":{"start":{"line":37,"column":44},"end":{"line":37,"column":45}},"loc":{"start":{"line":37,"column":50},"end":{"line":37,"column":59}},"line":37},"6":{"name":"(anonymous_6)","decl":{"start":{"line":38,"column":45},"end":{"line":38,"column":46}},"loc":{"start":{"line":38,"column":51},"end":{"line":38,"column":61}},"line":38}},"branchMap":{"0":{"loc":{"start":{"line":20,"column":4},"end":{"line":24,"column":5}},"type":"if","locations":[{"start":{"line":20,"column":4},"end":{"line":24,"column":5}},{"start":{"line":20,"column":4},"end":{"line":24,"column":5}}],"line":20}},"s":{"0":0,"1":0,"2":0,"3":0,"4":0,"5":0,"6":0,"7":0,"8":0,"9":0,"10":0,"11":0,"12":0,"13":0,"14":0},"f":{"0":0,"1":0,"2":0,"3":0,"4":0,"5":0,"6":0},"b":{"0":[0,0]},"hash":"c781e7d01eecaefcf192b9fe3e4fe0beb75db008"}
,"/home/hettiemcc/documents/fac/projects/teach-fish-frontend/src/App.style.js": {"path":"/home/hettiemcc/documents/fac/projects/teach-fish-frontend/src/App.style.js","statementMap":{"0":{"start":{"line":3,"column":21},"end":{"line":9,"column":1}}},"fnMap":{},"branchMap":{},"s":{"0":0},"f":{},"b":{},"hash":"d4fea0f56e57960d60caf849b5ad92ceffe117e9"}
,"/home/hettiemcc/documents/fac/projects/teach-fish-frontend/src/index.js": {"path":"/home/hettiemcc/documents/fac/projects/teach-fish-frontend/src/index.js","statementMap":{"0":{"start":{"line":8,"column":0},"end":{"line":8,"column":23}},"1":{"start":{"line":10,"column":0},"end":{"line":15,"column":2}},"2":{"start":{"line":20,"column":0},"end":{"line":20,"column":27}}},"fnMap":{},"branchMap":{},"s":{"0":0,"1":0,"2":0},"f":{},"b":{},"hash":"897a25f67a8f6d67c3db6fee6850027b7134d7bc"}
,"/home/hettiemcc/documents/fac/projects/teach-fish-frontend/src/components/global/colours.js": {"path":"/home/hettiemcc/documents/fac/projects/teach-fish-frontend/src/components/global/colours.js","statementMap":{"0":{"start":{"line":1,"column":17},"end":{"line":1,"column":24}},"1":{"start":{"line":2,"column":19},"end":{"line":2,"column":28}},"2":{"start":{"line":3,"column":22},"end":{"line":3,"column":31}},"3":{"start":{"line":4,"column":24},"end":{"line":4,"column":33}},"4":{"start":{"line":5,"column":21},"end":{"line":5,"column":30}},"5":{"start":{"line":6,"column":19},"end":{"line":6,"column":28}},"6":{"start":{"line":7,"column":23},"end":{"line":7,"column":32}}},"fnMap":{},"branchMap":{},"s":{"0":18,"1":18,"2":18,"3":18,"4":18,"5":18,"6":18},"f":{},"b":{},"_coverageSchema":"43e27e138ebf9cfc5966b082cf9a028302ed4184","hash":"bc96586aa447eb86f2c2dd7cce052bae23054962"}
,"/home/hettiemcc/documents/fac/projects/teach-fish-frontend/src/components/global/buttons/Buttons.js": {"path":"/home/hettiemcc/documents/fac/projects/teach-fish-frontend/src/components/global/buttons/Buttons.js","statementMap":{"0":{"start":{"line":9,"column":18},"end":{"line":23,"column":3}},"1":{"start":{"line":9,"column":41},"end":{"line":23,"column":1}},"2":{"start":{"line":25,"column":19},"end":{"line":38,"column":1}},"3":{"start":{"line":26,"column":18},"end":{"line":26,"column":29}},"4":{"start":{"line":28,"column":2},"end":{"line":37,"column":4}},"5":{"start":{"line":40,"column":21},"end":{"line":51,"column":1}},"6":{"start":{"line":41,"column":18},"end":{"line":41,"column":29}},"7":{"start":{"line":43,"column":2},"end":{"line":50,"column":4}},"8":{"start":{"line":53,"column":26},"end":{"line":67,"column":1}},"9":{"start":{"line":54,"column":18},"end":{"line":54,"column":29}},"10":{"start":{"line":56,"column":2},"end":{"line":66,"column":4}},"11":{"start":{"line":69,"column":20},"end":{"line":80,"column":1}},"12":{"start":{"line":70,"column":18},"end":{"line":70,"column":29}},"13":{"start":{"line":72,"column":2},"end":{"line":79,"column":4}}},"fnMap":{"0":{"name":"(anonymous_0)","decl":{"start":{"line":9,"column":29},"end":{"line":9,"column":30}},"loc":{"start":{"line":9,"column":41},"end":{"line":23,"column":1}},"line":9},"1":{"name":"(anonymous_1)","decl":{"start":{"line":25,"column":19},"end":{"line":25,"column":20}},"loc":{"start":{"line":25,"column":30},"end":{"line":38,"column":1}},"line":25},"2":{"name":"(anonymous_2)","decl":{"start":{"line":40,"column":21},"end":{"line":40,"column":22}},"loc":{"start":{"line":40,"column":32},"end":{"line":51,"column":1}},"line":40},"3":{"name":"(anonymous_3)","decl":{"start":{"line":53,"column":26},"end":{"line":53,"column":27}},"loc":{"start":{"line":53,"column":37},"end":{"line":67,"column":1}},"line":53},"4":{"name":"(anonymous_4)","decl":{"start":{"line":69,"column":20},"end":{"line":69,"column":21}},"loc":{"start":{"line":69,"column":31},"end":{"line":80,"column":1}},"line":69}},"branchMap":{},"s":{"0":10,"1":16,"2":10,"3":26,"4":26,"5":10,"6":1,"7":1,"8":10,"9":1,"10":1,"11":10,"12":1,"13":1},"f":{"0":16,"1":26,"2":1,"3":1,"4":1},"b":{},"_coverageSchema":"43e27e138ebf9cfc5966b082cf9a028302ed4184","hash":"331e595af72476d27ee15f6abe16f6f5116ca550"}
,"/home/hettiemcc/documents/fac/projects/teach-fish-frontend/src/components/global/confetti/Confetti.js": {"path":"/home/hettiemcc/documents/fac/projects/teach-fish-frontend/src/components/global/confetti/Confetti.js","statementMap":{"0":{"start":{"line":6,"column":28},"end":{"line":6,"column":43}},"1":{"start":{"line":7,"column":2},"end":{"line":15,"column":4}}},"fnMap":{"0":{"name":"(anonymous_0)","decl":{"start":{"line":5,"column":15},"end":{"line":5,"column":16}},"loc":{"start":{"line":5,"column":21},"end":{"line":16,"column":1}},"line":5}},"branchMap":{},"s":{"0":1,"1":1},"f":{"0":1},"b":{},"_coverageSchema":"43e27e138ebf9cfc5966b082cf9a028302ed4184","hash":"31cd63b3874676cbb070990998f227eac9d7ca05"}
,"/home/hettiemcc/documents/fac/projects/teach-fish-frontend/src/components/global/forms/Label.js": {"path":"/home/hettiemcc/documents/fac/projects/teach-fish-frontend/src/components/global/forms/Label.js","statementMap":{"0":{"start":{"line":3,"column":14},"end":{"line":6,"column":1}}},"fnMap":{},"branchMap":{},"s":{"0":4},"f":{},"b":{},"_coverageSchema":"43e27e138ebf9cfc5966b082cf9a028302ed4184","hash":"a30ae1636b86f96405e033b490b53dc507e1ad10"}
,"/home/hettiemcc/documents/fac/projects/teach-fish-frontend/src/components/global/forms/dateInput/DateInput.js": {"path":"/home/hettiemcc/documents/fac/projects/teach-fish-frontend/src/components/global/forms/dateInput/DateInput.js","statementMap":{"0":{"start":{"line":4,"column":18},"end":{"line":11,"column":1}},"1":{"start":{"line":5,"column":2},"end":{"line":10,"column":4}}},"fnMap":{"0":{"name":"(anonymous_0)","decl":{"start":{"line":4,"column":18},"end":{"line":4,"column":19}},"loc":{"start":{"line":4,"column":29},"end":{"line":11,"column":1}},"line":4}},"branchMap":{},"s":{"0":3,"1":4},"f":{"0":4},"b":{},"_coverageSchema":"43e27e138ebf9cfc5966b082cf9a028302ed4184","hash":"2cb916ac29330f92a0e516ffed8ec14b4c27f816"}
,"/home/hettiemcc/documents/fac/projects/teach-fish-frontend/src/components/global/forms/dropdown/Dropdown.js": {"path":"/home/hettiemcc/documents/fac/projects/teach-fish-frontend/src/components/global/forms/dropdown/Dropdown.js","statementMap":{"0":{"start":{"line":4,"column":26},"end":{"line":23,"column":1}},"1":{"start":{"line":5,"column":2},"end":{"line":22,"column":4}},"2":{"start":{"line":25,"column":23},"end":{"line":45,"column":1}},"3":{"start":{"line":26,"column":2},"end":{"line":44,"column":4}}},"fnMap":{"0":{"name":"(anonymous_0)","decl":{"start":{"line":4,"column":26},"end":{"line":4,"column":27}},"loc":{"start":{"line":4,"column":37},"end":{"line":23,"column":1}},"line":4},"1":{"name":"(anonymous_1)","decl":{"start":{"line":25,"column":23},"end":{"line":25,"column":24}},"loc":{"start":{"line":25,"column":34},"end":{"line":45,"column":1}},"line":25}},"branchMap":{},"s":{"0":3,"1":4,"2":3,"3":4},"f":{"0":4,"1":4},"b":{},"_coverageSchema":"43e27e138ebf9cfc5966b082cf9a028302ed4184","hash":"9758998fa3f2b34361d2137e06fa4963f7072f76"}
,"/home/hettiemcc/documents/fac/projects/teach-fish-frontend/src/components/global/forms/radioButtons/RadioButtons.js": {"path":"/home/hettiemcc/documents/fac/projects/teach-fish-frontend/src/components/global/forms/radioButtons/RadioButtons.js","statementMap":{"0":{"start":{"line":4,"column":21},"end":{"line":33,"column":1}},"1":{"start":{"line":5,"column":2},"end":{"line":32,"column":4}}},"fnMap":{"0":{"name":"(anonymous_0)","decl":{"start":{"line":4,"column":21},"end":{"line":4,"column":22}},"loc":{"start":{"line":4,"column":32},"end":{"line":33,"column":1}},"line":4}},"branchMap":{},"s":{"0":2,"1":3},"f":{"0":3},"b":{},"_coverageSchema":"43e27e138ebf9cfc5966b082cf9a028302ed4184","hash":"89a0514a550d0d8df0a865e3889819ba12359870"}
,"/home/hettiemcc/documents/fac/projects/teach-fish-frontend/src/components/global/forms/radioButtons/RadioButtons.style.js": {"path":"/home/hettiemcc/documents/fac/projects/teach-fish-frontend/src/components/global/forms/radioButtons/RadioButtons.style.js","statementMap":{"0":{"start":{"line":3,"column":28},"end":{"line":11,"column":1}}},"fnMap":{},"branchMap":{},"s":{"0":2},"f":{},"b":{},"_coverageSchema":"43e27e138ebf9cfc5966b082cf9a028302ed4184","hash":"551e244fef8e78b6339f3ab43e8e0490ec4d1705"}
,"/home/hettiemcc/documents/fac/projects/teach-fish-frontend/src/components/global/forms/textArea/TextArea.js": {"path":"/home/hettiemcc/documents/fac/projects/teach-fish-frontend/src/components/global/forms/textArea/TextArea.js","statementMap":{"0":{"start":{"line":4,"column":17},"end":{"line":16,"column":1}},"1":{"start":{"line":5,"column":2},"end":{"line":15,"column":4}}},"fnMap":{"0":{"name":"(anonymous_0)","decl":{"start":{"line":4,"column":17},"end":{"line":4,"column":18}},"loc":{"start":{"line":4,"column":28},"end":{"line":16,"column":1}},"line":4}},"branchMap":{},"s":{"0":2,"1":2},"f":{"0":2},"b":{},"_coverageSchema":"43e27e138ebf9cfc5966b082cf9a028302ed4184","hash":"0484bc9c4580505809157aed10cff72c4cad5f9e"}
,"/home/hettiemcc/documents/fac/projects/teach-fish-frontend/src/components/global/forms/textArea/TextArea.style.js": {"path":"/home/hettiemcc/documents/fac/projects/teach-fish-frontend/src/components/global/forms/textArea/TextArea.style.js","statementMap":{"0":{"start":{"line":3,"column":22},"end":{"line":6,"column":1}},"1":{"start":{"line":8,"column":20},"end":{"line":11,"column":1}}},"fnMap":{},"branchMap":{},"s":{"0":2,"1":2},"f":{},"b":{},"_coverageSchema":"43e27e138ebf9cfc5966b082cf9a028302ed4184","hash":"d754a7b472f340dd8aec880df9f1420a8e394dbf"}
,"/home/hettiemcc/documents/fac/projects/teach-fish-frontend/src/components/global/heading/Heading.js": {"path":"/home/hettiemcc/documents/fac/projects/teach-fish-frontend/src/components/global/heading/Heading.js","statementMap":{"0":{"start":{"line":4,"column":16},"end":{"line":13,"column":1}}},"fnMap":{},"branchMap":{},"s":{"0":7},"f":{},"b":{},"_coverageSchema":"43e27e138ebf9cfc5966b082cf9a028302ed4184","hash":"468286f12fee0e91fd4aa5e53948d2b7254b3904"}
,"/home/hettiemcc/documents/fac/projects/teach-fish-frontend/src/components/global/icons/back/BackIcon.js": {"path":"/home/hettiemcc/documents/fac/projects/teach-fish-frontend/src/components/global/icons/back/BackIcon.js","statementMap":{"0":{"start":{"line":10,"column":18},"end":{"line":15,"column":3}},"1":{"start":{"line":10,"column":41},"end":{"line":15,"column":1}},"2":{"start":{"line":17,"column":19},"end":{"line":24,"column":1}},"3":{"start":{"line":26,"column":17},"end":{"line":36,"column":1}},"4":{"start":{"line":27,"column":16},"end":{"line":27,"column":28}},"5":{"start":{"line":28,"column":18},"end":{"line":28,"column":29}},"6":{"start":{"line":29,"column":2},"end":{"line":35,"column":4}},"7":{"start":{"line":32,"column":21},"end":{"line":32,"column":43}}},"fnMap":{"0":{"name":"(anonymous_0)","decl":{"start":{"line":10,"column":29},"end":{"line":10,"column":30}},"loc":{"start":{"line":10,"column":41},"end":{"line":15,"column":1}},"line":10},"1":{"name":"(anonymous_1)","decl":{"start":{"line":26,"column":17},"end":{"line":26,"column":18}},"loc":{"start":{"line":26,"column":28},"end":{"line":36,"column":1}},"line":26},"2":{"name":"(anonymous_2)","decl":{"start":{"line":32,"column":15},"end":{"line":32,"column":16}},"loc":{"start":{"line":32,"column":21},"end":{"line":32,"column":43}},"line":32}},"branchMap":{},"s":{"0":3,"1":3,"2":3,"3":3,"4":4,"5":4,"6":4,"7":0},"f":{"0":3,"1":4,"2":0},"b":{},"_coverageSchema":"43e27e138ebf9cfc5966b082cf9a028302ed4184","hash":"bd5d16aed464e2fa688ba00e49d2d7913d0b41eb"}
,"/home/hettiemcc/documents/fac/projects/teach-fish-frontend/src/components/global/images/ImgWrapper.js": {"path":"/home/hettiemcc/documents/fac/projects/teach-fish-frontend/src/components/global/images/ImgWrapper.js","statementMap":{"0":{"start":{"line":3,"column":19},"end":{"line":5,"column":1}}},"fnMap":{},"branchMap":{},"s":{"0":2},"f":{},"b":{},"_coverageSchema":"43e27e138ebf9cfc5966b082cf9a028302ed4184","hash":"62ea978034862e1969d9e32449e24f2505a1f459"}
,"/home/hettiemcc/documents/fac/projects/teach-fish-frontend/src/components/global/links/Links.js": {"path":"/home/hettiemcc/documents/fac/projects/teach-fish-frontend/src/components/global/links/Links.js","statementMap":{"0":{"start":{"line":4,"column":14},"end":{"line":15,"column":1}}},"fnMap":{},"branchMap":{},"s":{"0":3},"f":{},"b":{},"_coverageSchema":"43e27e138ebf9cfc5966b082cf9a028302ed4184","hash":"e9c42c80bd7271f0d0ce57f39ddfa1f1c6fffd7f"}
,"/home/hettiemcc/documents/fac/projects/teach-fish-frontend/src/components/global/navbar/Navbar.js": {"path":"/home/hettiemcc/documents/fac/projects/teach-fish-frontend/src/components/global/navbar/Navbar.js","statementMap":{"0":{"start":{"line":11,"column":18},"end":{"line":26,"column":3}},"1":{"start":{"line":11,"column":41},"end":{"line":26,"column":1}},"2":{"start":{"line":28,"column":15},"end":{"line":44,"column":1}},"3":{"start":{"line":29,"column":18},"end":{"line":29,"column":29}},"4":{"start":{"line":31,"column":2},"end":{"line":43,"column":4}},"5":{"start":{"line":39,"column":54},"end":{"line":39,"column":76}}},"fnMap":{"0":{"name":"(anonymous_0)","decl":{"start":{"line":11,"column":29},"end":{"line":11,"column":30}},"loc":{"start":{"line":11,"column":41},"end":{"line":26,"column":1}},"line":11},"1":{"name":"(anonymous_1)","decl":{"start":{"line":28,"column":15},"end":{"line":28,"column":16}},"loc":{"start":{"line":28,"column":21},"end":{"line":44,"column":1}},"line":28},"2":{"name":"(anonymous_2)","decl":{"start":{"line":39,"column":48},"end":{"line":39,"column":49}},"loc":{"start":{"line":39,"column":54},"end":{"line":39,"column":76}},"line":39}},"branchMap":{},"s":{"0":4,"1":4,"2":4,"3":6,"4":6,"5":0},"f":{"0":4,"1":6,"2":0},"b":{},"_coverageSchema":"43e27e138ebf9cfc5966b082cf9a028302ed4184","hash":"3e5805086dac169a4146cd25e4ae597551492805"}
,"/home/hettiemcc/documents/fac/projects/teach-fish-frontend/src/components/global/navbar/Navbar.style.js": {"path":"/home/hettiemcc/documents/fac/projects/teach-fish-frontend/src/components/global/navbar/Navbar.style.js","statementMap":{"0":{"start":{"line":4,"column":12},"end":{"line":13,"column":1}}},"fnMap":{},"branchMap":{},"s":{"0":4},"f":{},"b":{},"_coverageSchema":"43e27e138ebf9cfc5966b082cf9a028302ed4184","hash":"bc3c5d78f461809ff76cfef4bc127fe9d221a26e"}
,"/home/hettiemcc/documents/fac/projects/teach-fish-frontend/src/components/global/paragraph/Paragraph.js": {"path":"/home/hettiemcc/documents/fac/projects/teach-fish-frontend/src/components/global/paragraph/Paragraph.js","statementMap":{"0":{"start":{"line":3,"column":18},"end":{"line":6,"column":1}}},"fnMap":{},"branchMap":{},"s":{"0":3},"f":{},"b":{},"_coverageSchema":"43e27e138ebf9cfc5966b082cf9a028302ed4184","hash":"40a737383c0c1cfbed7cac68e72357c03032838f"}
,"/home/hettiemcc/documents/fac/projects/teach-fish-frontend/src/components/global/sectionTitle/SectionTitle.js": {"path":"/home/hettiemcc/documents/fac/projects/teach-fish-frontend/src/components/global/sectionTitle/SectionTitle.js","statementMap":{"0":{"start":{"line":4,"column":21},"end":{"line":13,"column":1}}},"fnMap":{},"branchMap":{},"s":{"0":1},"f":{},"b":{},"_coverageSchema":"43e27e138ebf9cfc5966b082cf9a028302ed4184","hash":"e179629087b1eeaab9451d39c1ef532d10c3dd4b"}
,"/home/hettiemcc/documents/fac/projects/teach-fish-frontend/src/components/global/subheading/Subheading.js": {"path":"/home/hettiemcc/documents/fac/projects/teach-fish-frontend/src/components/global/subheading/Subheading.js","statementMap":{"0":{"start":{"line":4,"column":19},"end":{"line":14,"column":1}}},"fnMap":{},"branchMap":{},"s":{"0":7},"f":{},"b":{},"_coverageSchema":"43e27e138ebf9cfc5966b082cf9a028302ed4184","hash":"7cf39a262a48d9e0611263d74a9b0bfe235b916e"}
,"/home/hettiemcc/documents/fac/projects/teach-fish-frontend/src/components/missions/complete/Complete.js": {"path":"/home/hettiemcc/documents/fac/projects/teach-fish-frontend/src/components/missions/complete/Complete.js","statementMap":{"0":{"start":{"line":10,"column":18},"end":{"line":24,"column":2}},"1":{"start":{"line":26,"column":17},"end":{"line":42,"column":1}},"2":{"start":{"line":27,"column":18},"end":{"line":27,"column":29}},"3":{"start":{"line":29,"column":2},"end":{"line":41,"column":4}}},"fnMap":{"0":{"name":"(anonymous_0)","decl":{"start":{"line":26,"column":17},"end":{"line":26,"column":18}},"loc":{"start":{"line":26,"column":28},"end":{"line":42,"column":1}},"line":26}},"branchMap":{},"s":{"0":1,"1":1,"2":1,"3":1},"f":{"0":1},"b":{},"_coverageSchema":"43e27e138ebf9cfc5966b082cf9a028302ed4184","hash":"14cadcc8050ac647d9826160ba1e871c7964694a"}
,"/home/hettiemcc/documents/fac/projects/teach-fish-frontend/src/components/missions/complete/Complete.style.js": {"path":"/home/hettiemcc/documents/fac/projects/teach-fish-frontend/src/components/missions/complete/Complete.style.js","statementMap":{"0":{"start":{"line":4,"column":21},"end":{"line":11,"column":1}},"1":{"start":{"line":13,"column":14},"end":{"line":19,"column":1}},"2":{"start":{"line":21,"column":15},"end":{"line":23,"column":1}},"3":{"start":{"line":25,"column":13},"end":{"line":28,"column":1}}},"fnMap":{},"branchMap":{},"s":{"0":1,"1":1,"2":1,"3":1},"f":{},"b":{},"_coverageSchema":"43e27e138ebf9cfc5966b082cf9a028302ed4184","hash":"55674084622d969db30b36fa14b69085dbfc53bb"}
,"/home/hettiemcc/documents/fac/projects/teach-fish-frontend/src/components/missions/getSet/GetSet.js": {"path":"/home/hettiemcc/documents/fac/projects/teach-fish-frontend/src/components/missions/getSet/GetSet.js","statementMap":{"0":{"start":{"line":14,"column":15},"end":{"line":46,"column":1}},"1":{"start":{"line":15,"column":2},"end":{"line":45,"column":4}},"2":{"start":{"line":42,"column":23},"end":{"line":42,"column":53}}},"fnMap":{"0":{"name":"(anonymous_0)","decl":{"start":{"line":14,"column":15},"end":{"line":14,"column":16}},"loc":{"start":{"line":14,"column":26},"end":{"line":46,"column":1}},"line":14},"1":{"name":"(anonymous_1)","decl":{"start":{"line":42,"column":17},"end":{"line":42,"column":18}},"loc":{"start":{"line":42,"column":23},"end":{"line":42,"column":53}},"line":42}},"branchMap":{},"s":{"0":1,"1":1,"2":0},"f":{"0":1,"1":0},"b":{},"_coverageSchema":"43e27e138ebf9cfc5966b082cf9a028302ed4184","hash":"2deb1f063aeed32eecae86513fd87c702fdd44c5"}
,"/home/hettiemcc/documents/fac/projects/teach-fish-frontend/src/components/missions/getSet/GetSet.style.js": {"path":"/home/hettiemcc/documents/fac/projects/teach-fish-frontend/src/components/missions/getSet/GetSet.style.js","statementMap":{"0":{"start":{"line":4,"column":22},"end":{"line":4,"column":34}},"1":{"start":{"line":6,"column":32},"end":{"line":14,"column":1}},"2":{"start":{"line":16,"column":23},"end":{"line":19,"column":1}},"3":{"start":{"line":21,"column":24},"end":{"line":27,"column":1}},"4":{"start":{"line":29,"column":33},"end":{"line":32,"column":1}},"5":{"start":{"line":34,"column":19},"end":{"line":41,"column":1}},"6":{"start":{"line":43,"column":24},"end":{"line":45,"column":1}}},"fnMap":{},"branchMap":{},"s":{"0":1,"1":1,"2":1,"3":1,"4":1,"5":1,"6":1},"f":{},"b":{},"_coverageSchema":"43e27e138ebf9cfc5966b082cf9a028302ed4184","hash":"d05c4515e056ab746eef32ed1aac74b55558aabc"}
,"/home/hettiemcc/documents/fac/projects/teach-fish-frontend/src/components/missions/getSetReadyGo/GetSetReadyGo.js": {"path":"/home/hettiemcc/documents/fac/projects/teach-fish-frontend/src/components/missions/getSetReadyGo/GetSetReadyGo.js","statementMap":{"0":{"start":{"line":7,"column":18},"end":{"line":19,"column":3}},"1":{"start":{"line":7,"column":41},"end":{"line":19,"column":1}},"2":{"start":{"line":21,"column":22},"end":{"line":29,"column":1}},"3":{"start":{"line":31,"column":19},"end":{"line":37,"column":1}},"4":{"start":{"line":39,"column":22},"end":{"line":72,"column":1}},"5":{"start":{"line":40,"column":18},"end":{"line":40,"column":29}},"6":{"start":{"line":41,"column":2},"end":{"line":71,"column":4}}},"fnMap":{"0":{"name":"(anonymous_0)","decl":{"start":{"line":7,"column":29},"end":{"line":7,"column":30}},"loc":{"start":{"line":7,"column":41},"end":{"line":19,"column":1}},"line":7},"1":{"name":"(anonymous_1)","decl":{"start":{"line":39,"column":22},"end":{"line":39,"column":23}},"loc":{"start":{"line":39,"column":33},"end":{"line":72,"column":1}},"line":39}},"branchMap":{"0":{"loc":{"start":{"line":46,"column":10},"end":{"line":48,"column":30}},"type":"cond-expr","locations":[{"start":{"line":47,"column":14},"end":{"line":47,"column":28}},{"start":{"line":48,"column":14},"end":{"line":48,"column":30}}],"line":46},"1":{"loc":{"start":{"line":46,"column":10},"end":{"line":46,"column":71}},"type":"binary-expr","locations":[{"start":{"line":46,"column":10},"end":{"line":46,"column":40}},{"start":{"line":46,"column":44},"end":{"line":46,"column":71}}],"line":46},"2":{"loc":{"start":{"line":53,"column":10},"end":{"line":55,"column":30}},"type":"cond-expr","locations":[{"start":{"line":54,"column":14},"end":{"line":54,"column":28}},{"start":{"line":55,"column":14},"end":{"line":55,"column":30}}],"line":53},"3":{"loc":{"start":{"line":53,"column":10},"end":{"line":53,"column":71}},"type":"binary-expr","locations":[{"start":{"line":53,"column":10},"end":{"line":53,"column":40}},{"start":{"line":53,"column":44},"end":{"line":53,"column":71}}],"line":53},"4":{"loc":{"start":{"line":61,"column":10},"end":{"line":61,"column":73}},"type":"cond-expr","locations":[{"start":{"line":61,"column":40},"end":{"line":61,"column":54}},{"start":{"line":61,"column":57},"end":{"line":61,"column":73}}],"line":61},"5":{"loc":{"start":{"line":66,"column":10},"end":{"line":66,"column":73}},"type":"cond-expr","locations":[{"start":{"line":66,"column":40},"end":{"line":66,"column":54}},{"start":{"line":66,"column":57},"end":{"line":66,"column":73}}],"line":66}},"s":{"0":1,"1":1,"2":1,"3":1,"4":1,"5":2,"6":2},"f":{"0":1,"1":2},"b":{"0":[0,2],"1":[2,2],"2":[0,2],"3":[2,2],"4":[0,2],"5":[0,2]},"_coverageSchema":"43e27e138ebf9cfc5966b082cf9a028302ed4184","hash":"37668e92e69d8961b9542bce57880594a2c4c232"}
,"/home/hettiemcc/documents/fac/projects/teach-fish-frontend/src/components/missions/go/Go.js": {"path":"/home/hettiemcc/documents/fac/projects/teach-fish-frontend/src/components/missions/go/Go.js","statementMap":{"0":{"start":{"line":19,"column":11},"end":{"line":197,"column":1}},"1":{"start":{"line":20,"column":16},"end":{"line":20,"column":57}},"2":{"start":{"line":21,"column":16},"end":{"line":21,"column":40}},"3":{"start":{"line":23,"column":38},"end":{"line":23,"column":55}},"4":{"start":{"line":24,"column":34},"end":{"line":24,"column":52}},"5":{"start":{"line":25,"column":26},"end":{"line":31,"column":4}},"6":{"start":{"line":33,"column":20},"end":{"line":43,"column":3}},"7":{"start":{"line":34,"column":4},"end":{"line":34,"column":33}},"8":{"start":{"line":35,"column":4},"end":{"line":35,"column":24}},"9":{"start":{"line":36,"column":4},"end":{"line":42,"column":7}},"10":{"start":{"line":45,"column":22},"end":{"line":82,"column":3}},"11":{"start":{"line":46,"column":4},"end":{"line":81,"column":6}},"12":{"start":{"line":74,"column":8},"end":{"line":79,"column":9}},"13":{"start":{"line":75,"column":22},"end":{"line":75,"column":37}},"14":{"start":{"line":76,"column":10},"end":{"line":76,"column":30}},"15":{"start":{"line":77,"column":10},"end":{"line":77,"column":43}},"16":{"start":{"line":78,"column":10},"end":{"line":78,"column":31}},"17":{"start":{"line":83,"column":40},"end":{"line":83,"column":60}},"18":{"start":{"line":85,"column":23},"end":{"line":93,"column":3}},"19":{"start":{"line":86,"column":28},"end":{"line":86,"column":40}},"20":{"start":{"line":87,"column":4},"end":{"line":87,"column":40}},"21":{"start":{"line":88,"column":4},"end":{"line":92,"column":5}},"22":{"start":{"line":89,"column":6},"end":{"line":91,"column":7}},"23":{"start":{"line":90,"column":8},"end":{"line":90,"column":30}},"24":{"start":{"line":95,"column":23},"end":{"line":111,"column":3}},"25":{"start":{"line":96,"column":4},"end":{"line":96,"column":27}},"26":{"start":{"line":97,"column":4},"end":{"line":97,"column":38}},"27":{"start":{"line":99,"column":21},"end":{"line":108,"column":5}},"28":{"start":{"line":110,"column":4},"end":{"line":110,"column":26}},"29":{"start":{"line":115,"column":21},"end":{"line":117,"column":3}},"30":{"start":{"line":116,"column":4},"end":{"line":116,"column":58}},"31":{"start":{"line":116,"column":38},"end":{"line":116,"column":56}},"32":{"start":{"line":119,"column":2},"end":{"line":196,"column":4}}},"fnMap":{"0":{"name":"(anonymous_0)","decl":{"start":{"line":19,"column":11},"end":{"line":19,"column":12}},"loc":{"start":{"line":19,"column":22},"end":{"line":197,"column":1}},"line":19},"1":{"name":"(anonymous_1)","decl":{"start":{"line":33,"column":20},"end":{"line":33,"column":21}},"loc":{"start":{"line":33,"column":26},"end":{"line":43,"column":3}},"line":33},"2":{"name":"(anonymous_2)","decl":{"start":{"line":45,"column":22},"end":{"line":45,"column":23}},"loc":{"start":{"line":45,"column":28},"end":{"line":82,"column":3}},"line":45},"3":{"name":"(anonymous_3)","decl":{"start":{"line":73,"column":6},"end":{"line":73,"column":7}},"loc":{"start":{"line":73,"column":25},"end":{"line":80,"column":7}},"line":73},"4":{"name":"(anonymous_4)","decl":{"start":{"line":85,"column":23},"end":{"line":85,"column":24}},"loc":{"start":{"line":85,"column":34},"end":{"line":93,"column":3}},"line":85},"5":{"name":"(anonymous_5)","decl":{"start":{"line":95,"column":23},"end":{"line":95,"column":24}},"loc":{"start":{"line":95,"column":40},"end":{"line":111,"column":3}},"line":95},"6":{"name":"(anonymous_6)","decl":{"start":{"line":115,"column":21},"end":{"line":115,"column":22}},"loc":{"start":{"line":115,"column":27},"end":{"line":117,"column":3}},"line":115},"7":{"name":"(anonymous_7)","decl":{"start":{"line":116,"column":18},"end":{"line":116,"column":19}},"loc":{"start":{"line":116,"column":38},"end":{"line":116,"column":56}},"line":116}},"branchMap":{"0":{"loc":{"start":{"line":21,"column":16},"end":{"line":21,"column":40}},"type":"cond-expr","locations":[{"start":{"line":21,"column":24},"end":{"line":21,"column":35}},{"start":{"line":21,"column":38},"end":{"line":21,"column":40}}],"line":21},"1":{"loc":{"start":{"line":74,"column":8},"end":{"line":79,"column":9}},"type":"if","locations":[{"start":{"line":74,"column":8},"end":{"line":79,"column":9}},{"start":{"line":74,"column":8},"end":{"line":79,"column":9}}],"line":74},"2":{"loc":{"start":{"line":74,"column":12},"end":{"line":74,"column":58}},"type":"binary-expr","locations":[{"start":{"line":74,"column":12},"end":{"line":74,"column":18}},{"start":{"line":74,"column":22},"end":{"line":74,"column":28}},{"start":{"line":74,"column":32},"end":{"line":74,"column":58}}],"line":74},"3":{"loc":{"start":{"line":88,"column":4},"end":{"line":92,"column":5}},"type":"if","locations":[{"start":{"line":88,"column":4},"end":{"line":92,"column":5}},{"start":{"line":88,"column":4},"end":{"line":92,"column":5}}],"line":88},"4":{"loc":{"start":{"line":89,"column":6},"end":{"line":91,"column":7}},"type":"if","locations":[{"start":{"line":89,"column":6},"end":{"line":91,"column":7}},{"start":{"line":89,"column":6},"end":{"line":91,"column":7}}],"line":89},"5":{"loc":{"start":{"line":89,"column":10},"end":{"line":89,"column":72}},"type":"binary-expr","locations":[{"start":{"line":89,"column":10},"end":{"line":89,"column":28}},{"start":{"line":89,"column":32},"end":{"line":89,"column":50}},{"start":{"line":89,"column":54},"end":{"line":89,"column":72}}],"line":89},"6":{"loc":{"start":{"line":123,"column":9},"end":{"line":146,"column":9}},"type":"binary-expr","locations":[{"start":{"line":123,"column":9},"end":{"line":123,"column":25}},{"start":{"line":124,"column":10},"end":{"line":145,"column":13}}],"line":123},"7":{"loc":{"start":{"line":134,"column":15},"end":{"line":138,"column":15}},"type":"cond-expr","locations":[{"start":{"line":135,"column":16},"end":{"line":135,"column":41}},{"start":{"line":137,"column":16},"end":{"line":137,"column":47}}],"line":134},"8":{"loc":{"start":{"line":147,"column":9},"end":{"line":178,"column":9}},"type":"binary-expr","locations":[{"start":{"line":147,"column":9},"end":{"line":147,"column":25}},{"start":{"line":148,"column":10},"end":{"line":177,"column":13}}],"line":147},"9":{"loc":{"start":{"line":179,"column":9},"end":{"line":192,"column":9}},"type":"binary-expr","locations":[{"start":{"line":179,"column":9},"end":{"line":179,"column":25}},{"start":{"line":180,"column":10},"end":{"line":191,"column":23}}],"line":179}},"s":{"0":1,"1":1,"2":1,"3":1,"4":1,"5":1,"6":1,"7":0,"8":0,"9":0,"10":1,"11":0,"12":0,"13":0,"14":0,"15":0,"16":0,"17":1,"18":1,"19":0,"20":0,"21":0,"22":0,"23":0,"24":1,"25":0,"26":0,"27":0,"28":0,"29":1,"30":0,"31":0,"32":1},"f":{"0":1,"1":0,"2":0,"3":0,"4":0,"5":0,"6":0,"7":0},"b":{"0":[0,1],"1":[0,0],"2":[0,0,0],"3":[0,0],"4":[0,0],"5":[0,0,0],"6":[1,1],"7":[0,1],"8":[1,0],"9":[1,0]},"_coverageSchema":"43e27e138ebf9cfc5966b082cf9a028302ed4184","hash":"9d22094c55ac4ddb6beb25645163a7ba8c2a3e71"}
,"/home/hettiemcc/documents/fac/projects/teach-fish-frontend/src/components/missions/go/Go.style.js": {"path":"/home/hettiemcc/documents/fac/projects/teach-fish-frontend/src/components/missions/go/Go.style.js","statementMap":{"0":{"start":{"line":3,"column":22},"end":{"line":7,"column":1}},"1":{"start":{"line":9,"column":25},"end":{"line":13,"column":1}},"2":{"start":{"line":15,"column":32},"end":{"line":20,"column":1}},"3":{"start":{"line":22,"column":19},"end":{"line":31,"column":1}},"4":{"start":{"line":33,"column":29},"end":{"line":37,"column":1}},"5":{"start":{"line":39,"column":19},"end":{"line":41,"column":1}}},"fnMap":{},"branchMap":{},"s":{"0":1,"1":1,"2":1,"3":1,"4":1,"5":1},"f":{},"b":{},"_coverageSchema":"43e27e138ebf9cfc5966b082cf9a028302ed4184","hash":"82e040b261506388d83cdefe30ae77b25518ca59"}
,"/home/hettiemcc/documents/fac/projects/teach-fish-frontend/src/components/missions/quizComplete/QuizComplete.js": {"path":"/home/hettiemcc/documents/fac/projects/teach-fish-frontend/src/components/missions/quizComplete/QuizComplete.js","statementMap":{"0":{"start":{"line":7,"column":21},"end":{"line":39,"column":1}},"1":{"start":{"line":8,"column":2},"end":{"line":22,"column":3}},"2":{"start":{"line":9,"column":4},"end":{"line":21,"column":6}},"3":{"start":{"line":17,"column":12},"end":{"line":17,"column":40}},"4":{"start":{"line":23,"column":2},"end":{"line":38,"column":3}},"5":{"start":{"line":24,"column":4},"end":{"line":37,"column":6}},"6":{"start":{"line":33,"column":12},"end":{"line":33,"column":41}}},"fnMap":{"0":{"name":"(anonymous_0)","decl":{"start":{"line":7,"column":21},"end":{"line":7,"column":22}},"loc":{"start":{"line":7,"column":32},"end":{"line":39,"column":1}},"line":7},"1":{"name":"(anonymous_1)","decl":{"start":{"line":16,"column":19},"end":{"line":16,"column":20}},"loc":{"start":{"line":16,"column":25},"end":{"line":18,"column":11}},"line":16},"2":{"name":"(anonymous_2)","decl":{"start":{"line":32,"column":19},"end":{"line":32,"column":20}},"loc":{"start":{"line":32,"column":25},"end":{"line":34,"column":11}},"line":32}},"branchMap":{"0":{"loc":{"start":{"line":8,"column":2},"end":{"line":22,"column":3}},"type":"if","locations":[{"start":{"line":8,"column":2},"end":{"line":22,"column":3}},{"start":{"line":8,"column":2},"end":{"line":22,"column":3}}],"line":8},"1":{"loc":{"start":{"line":23,"column":2},"end":{"line":38,"column":3}},"type":"if","locations":[{"start":{"line":23,"column":2},"end":{"line":38,"column":3}},{"start":{"line":23,"column":2},"end":{"line":38,"column":3}}],"line":23}},"s":{"0":1,"1":2,"2":1,"3":0,"4":1,"5":1,"6":0},"f":{"0":2,"1":0,"2":0},"b":{"0":[1,1],"1":[1,0]},"_coverageSchema":"43e27e138ebf9cfc5966b082cf9a028302ed4184","hash":"18b0919d4ab1edd5f963d0562e9f9102c3a5a132"}
,"/home/hettiemcc/documents/fac/projects/teach-fish-frontend/src/components/missions/quizComplete/QuizComplete.style.js": {"path":"/home/hettiemcc/documents/fac/projects/teach-fish-frontend/src/components/missions/quizComplete/QuizComplete.style.js","statementMap":{"0":{"start":{"line":4,"column":20},"end":{"line":6,"column":1}},"1":{"start":{"line":8,"column":18},"end":{"line":15,"column":1}},"2":{"start":{"line":17,"column":13},"end":{"line":26,"column":1}}},"fnMap":{},"branchMap":{},"s":{"0":1,"1":1,"2":1},"f":{},"b":{},"_coverageSchema":"43e27e138ebf9cfc5966b082cf9a028302ed4184","hash":"f69dea3168d2b3631af1cae11492eec633e4d0e8"}
,"/home/hettiemcc/documents/fac/projects/teach-fish-frontend/src/components/missions/ready/Ready.js": {"path":"/home/hettiemcc/documents/fac/projects/teach-fish-frontend/src/components/missions/ready/Ready.js","statementMap":{"0":{"start":{"line":10,"column":14},"end":{"line":77,"column":1}},"1":{"start":{"line":11,"column":48},"end":{"line":11,"column":67}},"2":{"start":{"line":12,"column":46},"end":{"line":12,"column":64}},"3":{"start":{"line":13,"column":42},"end":{"line":13,"column":60}},"4":{"start":{"line":15,"column":2},"end":{"line":29,"column":45}},"5":{"start":{"line":16,"column":4},"end":{"line":28,"column":5}},"6":{"start":{"line":17,"column":27},"end":{"line":17,"column":55}},"7":{"start":{"line":18,"column":27},"end":{"line":18,"column":55}},"8":{"start":{"line":19,"column":6},"end":{"line":26,"column":7}},"9":{"start":{"line":23,"column":8},"end":{"line":23,"column":42}},"10":{"start":{"line":25,"column":8},"end":{"line":25,"column":43}},"11":{"start":{"line":27,"column":6},"end":{"line":27,"column":44}},"12":{"start":{"line":31,"column":23},"end":{"line":33,"column":3}},"13":{"start":{"line":32,"column":4},"end":{"line":32,"column":42}},"14":{"start":{"line":35,"column":23},"end":{"line":44,"column":3}},"15":{"start":{"line":36,"column":29},"end":{"line":36,"column":46}},"16":{"start":{"line":37,"column":4},"end":{"line":37,"column":44}},"17":{"start":{"line":39,"column":4},"end":{"line":39,"column":40}},"18":{"start":{"line":41,"column":4},"end":{"line":43,"column":5}},"19":{"start":{"line":42,"column":6},"end":{"line":42,"column":30}},"20":{"start":{"line":46,"column":2},"end":{"line":76,"column":4}},"21":{"start":{"line":72,"column":28},"end":{"line":72,"column":56}}},"fnMap":{"0":{"name":"(anonymous_0)","decl":{"start":{"line":10,"column":14},"end":{"line":10,"column":15}},"loc":{"start":{"line":10,"column":25},"end":{"line":77,"column":1}},"line":10},"1":{"name":"(anonymous_1)","decl":{"start":{"line":15,"column":18},"end":{"line":15,"column":19}},"loc":{"start":{"line":15,"column":24},"end":{"line":29,"column":3}},"line":15},"2":{"name":"(anonymous_2)","decl":{"start":{"line":31,"column":23},"end":{"line":31,"column":24}},"loc":{"start":{"line":31,"column":34},"end":{"line":33,"column":3}},"line":31},"3":{"name":"(anonymous_3)","decl":{"start":{"line":35,"column":23},"end":{"line":35,"column":24}},"loc":{"start":{"line":35,"column":29},"end":{"line":44,"column":3}},"line":35},"4":{"name":"(anonymous_4)","decl":{"start":{"line":72,"column":22},"end":{"line":72,"column":23}},"loc":{"start":{"line":72,"column":28},"end":{"line":72,"column":56}},"line":72}},"branchMap":{"0":{"loc":{"start":{"line":16,"column":4},"end":{"line":28,"column":5}},"type":"if","locations":[{"start":{"line":16,"column":4},"end":{"line":28,"column":5}},{"start":{"line":16,"column":4},"end":{"line":28,"column":5}}],"line":16},"1":{"loc":{"start":{"line":16,"column":8},"end":{"line":16,"column":60}},"type":"binary-expr","locations":[{"start":{"line":16,"column":8},"end":{"line":16,"column":31}},{"start":{"line":16,"column":35},"end":{"line":16,"column":60}}],"line":16},"2":{"loc":{"start":{"line":19,"column":6},"end":{"line":26,"column":7}},"type":"if","locations":[{"start":{"line":19,"column":6},"end":{"line":26,"column":7}},{"start":{"line":19,"column":6},"end":{"line":26,"column":7}}],"line":19},"3":{"loc":{"start":{"line":20,"column":8},"end":{"line":21,"column":42}},"type":"binary-expr","locations":[{"start":{"line":20,"column":8},"end":{"line":20,"column":42}},{"start":{"line":21,"column":8},"end":{"line":21,"column":42}}],"line":20},"4":{"loc":{"start":{"line":41,"column":4},"end":{"line":43,"column":5}},"type":"if","locations":[{"start":{"line":41,"column":4},"end":{"line":43,"column":5}},{"start":{"line":41,"column":4},"end":{"line":43,"column":5}}],"line":41},"5":{"loc":{"start":{"line":54,"column":9},"end":{"line":61,"column":9}},"type":"binary-expr","locations":[{"start":{"line":54,"column":9},"end":{"line":54,"column":32}},{"start":{"line":55,"column":10},"end":{"line":60,"column":12}}],"line":54},"6":{"loc":{"start":{"line":62,"column":9},"end":{"line":69,"column":9}},"type":"binary-expr","locations":[{"start":{"line":62,"column":9},"end":{"line":62,"column":32}},{"start":{"line":63,"column":10},"end":{"line":68,"column":12}}],"line":62}},"s":{"0":1,"1":1,"2":1,"3":1,"4":1,"5":1,"6":0,"7":0,"8":0,"9":0,"10":0,"11":0,"12":1,"13":0,"14":1,"15":0,"16":0,"17":0,"18":0,"19":0,"20":1,"21":0},"f":{"0":1,"1":1,"2":0,"3":0,"4":0},"b":{"0":[0,1],"1":[1,0],"2":[0,0],"3":[0,0],"4":[0,0],"5":[1,1],"6":[1,0]},"_coverageSchema":"43e27e138ebf9cfc5966b082cf9a028302ed4184","hash":"eebc5a3a50488c8e46dca770446eab22928b36b2"}
,"/home/hettiemcc/documents/fac/projects/teach-fish-frontend/src/components/missions/ready/Ready.style.js": {"path":"/home/hettiemcc/documents/fac/projects/teach-fish-frontend/src/components/missions/ready/Ready.style.js","statementMap":{"0":{"start":{"line":3,"column":21},"end":{"line":5,"column":1}}},"fnMap":{},"branchMap":{},"s":{"0":1},"f":{},"b":{},"_coverageSchema":"43e27e138ebf9cfc5966b082cf9a028302ed4184","hash":"cacefae9512c063a8308b3373e43b0c05fdaf22a"}
,"/home/hettiemcc/documents/fac/projects/teach-fish-frontend/src/components/missions/steps/Steps.js": {"path":"/home/hettiemcc/documents/fac/projects/teach-fish-frontend/src/components/missions/steps/Steps.js","statementMap":{"0":{"start":{"line":10,"column":23},"end":{"line":31,"column":17}},"1":{"start":{"line":33,"column":31},"end":{"line":54,"column":2}},"2":{"start":{"line":56,"column":22},"end":{"line":72,"column":1}},"3":{"start":{"line":57,"column":18},"end":{"line":57,"column":42}},"4":{"start":{"line":58,"column":32},"end":{"line":58,"column":37}},"5":{"start":{"line":60,"column":2},"end":{"line":71,"column":4}},"6":{"start":{"line":74,"column":18},"end":{"line":89,"column":3}},"7":{"start":{"line":74,"column":41},"end":{"line":89,"column":1}},"8":{"start":{"line":91,"column":17},"end":{"line":93,"column":1}},"9":{"start":{"line":92,"column":2},"end":{"line":92,"column":40}},"10":{"start":{"line":95,"column":14},"end":{"line":114,"column":1}},"11":{"start":{"line":96,"column":18},"end":{"line":96,"column":29}},"12":{"start":{"line":97,"column":16},"end":{"line":97,"column":26}},"13":{"start":{"line":99,"column":2},"end":{"line":113,"column":4}},"14":{"start":{"line":107,"column":10},"end":{"line":109,"column":17}}},"fnMap":{"0":{"name":"(anonymous_0)","decl":{"start":{"line":56,"column":22},"end":{"line":56,"column":23}},"loc":{"start":{"line":56,"column":33},"end":{"line":72,"column":1}},"line":56},"1":{"name":"(anonymous_1)","decl":{"start":{"line":74,"column":29},"end":{"line":74,"column":30}},"loc":{"start":{"line":74,"column":41},"end":{"line":89,"column":1}},"line":74},"2":{"name":"(anonymous_2)","decl":{"start":{"line":91,"column":17},"end":{"line":91,"column":18}},"loc":{"start":{"line":91,"column":23},"end":{"line":93,"column":1}},"line":91},"3":{"name":"(anonymous_3)","decl":{"start":{"line":95,"column":14},"end":{"line":95,"column":15}},"loc":{"start":{"line":95,"column":25},"end":{"line":114,"column":1}},"line":95},"4":{"name":"(anonymous_4)","decl":{"start":{"line":106,"column":19},"end":{"line":106,"column":20}},"loc":{"start":{"line":107,"column":10},"end":{"line":109,"column":17}},"line":107}},"branchMap":{"0":{"loc":{"start":{"line":65,"column":7},"end":{"line":69,"column":7}},"type":"cond-expr","locations":[{"start":{"line":66,"column":8},"end":{"line":66,"column":47}},{"start":{"line":68,"column":8},"end":{"line":68,"column":42}}],"line":65}},"s":{"0":2,"1":2,"2":2,"3":6,"4":6,"5":6,"6":2,"7":2,"8":2,"9":2,"10":2,"11":2,"12":2,"13":2,"14":6},"f":{"0":6,"1":2,"2":2,"3":2,"4":6},"b":{"0":[0,6]},"_coverageSchema":"43e27e138ebf9cfc5966b082cf9a028302ed4184","hash":"b530a681f7c0b64deb01d6c47900cdced9cec4a7"}
,"/home/hettiemcc/documents/fac/projects/teach-fish-frontend/src/pages/aboutPage/About.js": {"path":"/home/hettiemcc/documents/fac/projects/teach-fish-frontend/src/pages/aboutPage/About.js","statementMap":{"0":{"start":{"line":9,"column":14},"end":{"line":40,"column":1}},"1":{"start":{"line":10,"column":18},"end":{"line":10,"column":30}},"2":{"start":{"line":11,"column":2},"end":{"line":39,"column":4}},"3":{"start":{"line":33,"column":12},"end":{"line":33,"column":35}},"4":{"start":{"line":34,"column":12},"end":{"line":34,"column":36}}},"fnMap":{"0":{"name":"(anonymous_0)","decl":{"start":{"line":9,"column":14},"end":{"line":9,"column":15}},"loc":{"start":{"line":9,"column":20},"end":{"line":40,"column":1}},"line":9},"1":{"name":"(anonymous_1)","decl":{"start":{"line":32,"column":19},"end":{"line":32,"column":20}},"loc":{"start":{"line":32,"column":25},"end":{"line":35,"column":11}},"line":32}},"branchMap":{},"s":{"0":2,"1":3,"2":3,"3":0,"4":0},"f":{"0":3,"1":0},"b":{},"_coverageSchema":"43e27e138ebf9cfc5966b082cf9a028302ed4184","hash":"04df345109c81b060e51152d75b61d620bc974aa"}
,"/home/hettiemcc/documents/fac/projects/teach-fish-frontend/src/pages/aboutPage/About.style.js": {"path":"/home/hettiemcc/documents/fac/projects/teach-fish-frontend/src/pages/aboutPage/About.style.js","statementMap":{"0":{"start":{"line":3,"column":13},"end":{"line":5,"column":1}},"1":{"start":{"line":6,"column":21},"end":{"line":9,"column":1}}},"fnMap":{},"branchMap":{},"s":{"0":2,"1":2},"f":{},"b":{},"_coverageSchema":"43e27e138ebf9cfc5966b082cf9a028302ed4184","hash":"978c82bc33f230f713e6fc63761238115c177841"}
,"/home/hettiemcc/documents/fac/projects/teach-fish-frontend/src/pages/landingPage/Landing.js": {"path":"/home/hettiemcc/documents/fac/projects/teach-fish-frontend/src/pages/landingPage/Landing.js","statementMap":{"0":{"start":{"line":14,"column":18},"end":{"line":26,"column":2}},"1":{"start":{"line":28,"column":16},"end":{"line":53,"column":1}},"2":{"start":{"line":29,"column":18},"end":{"line":29,"column":29}},"3":{"start":{"line":31,"column":18},"end":{"line":31,"column":30}},"4":{"start":{"line":32,"column":2},"end":{"line":52,"column":4}},"5":{"start":{"line":43,"column":12},"end":{"line":43,"column":35}},"6":{"start":{"line":44,"column":12},"end":{"line":44,"column":36}}},"fnMap":{"0":{"name":"(anonymous_0)","decl":{"start":{"line":28,"column":16},"end":{"line":28,"column":17}},"loc":{"start":{"line":28,"column":22},"end":{"line":53,"column":1}},"line":28},"1":{"name":"(anonymous_1)","decl":{"start":{"line":42,"column":19},"end":{"line":42,"column":20}},"loc":{"start":{"line":42,"column":25},"end":{"line":45,"column":11}},"line":42}},"branchMap":{},"s":{"0":2,"1":2,"2":5,"3":5,"4":5,"5":0,"6":0},"f":{"0":5,"1":0},"b":{},"_coverageSchema":"43e27e138ebf9cfc5966b082cf9a028302ed4184","hash":"fe8a4ba5b16290cabd24c62a0def743c073e4328"}
,"/home/hettiemcc/documents/fac/projects/teach-fish-frontend/src/pages/landingPage/Landing.style.js": {"path":"/home/hettiemcc/documents/fac/projects/teach-fish-frontend/src/pages/landingPage/Landing.style.js","statementMap":{"0":{"start":{"line":3,"column":25},"end":{"line":10,"column":1}},"1":{"start":{"line":12,"column":23},"end":{"line":19,"column":1}},"2":{"start":{"line":21,"column":18},"end":{"line":28,"column":1}}},"fnMap":{},"branchMap":{},"s":{"0":2,"1":2,"2":2},"f":{},"b":{},"_coverageSchema":"43e27e138ebf9cfc5966b082cf9a028302ed4184","hash":"8caf6238b430b0404692f3df06d7e2d103794264"}
,"/home/hettiemcc/documents/fac/projects/teach-fish-frontend/src/pages/missionPage/Mission.js": {"path":"/home/hettiemcc/documents/fac/projects/teach-fish-frontend/src/pages/missionPage/Mission.js","statementMap":{"0":{"start":{"line":14,"column":20},"end":{"line":148,"column":1}},"1":{"start":{"line":16,"column":58},"end":{"line":16,"column":76}},"2":{"start":{"line":17,"column":54},"end":{"line":17,"column":77}},"3":{"start":{"line":18,"column":42},"end":{"line":18,"column":63}},"4":{"start":{"line":20,"column":24},"end":{"line":20,"column":73}},"5":{"start":{"line":21,"column":36},"end":{"line":21,"column":52}},"6":{"start":{"line":22,"column":16},"end":{"line":22,"column":57}},"7":{"start":{"line":23,"column":16},"end":{"line":23,"column":27}},"8":{"start":{"line":26,"column":2},"end":{"line":37,"column":14}},"9":{"start":{"line":27,"column":17},"end":{"line":35,"column":5}},"10":{"start":{"line":28,"column":26},"end":{"line":30,"column":7}},"11":{"start":{"line":32,"column":6},"end":{"line":34,"column":9}},"12":{"start":{"line":33,"column":8},"end":{"line":33,"column":27}},"13":{"start":{"line":36,"column":4},"end":{"line":36,"column":11}},"14":{"start":{"line":40,"column":2},"end":{"line":53,"column":22}},"15":{"start":{"line":41,"column":17},"end":{"line":50,"column":5}},"16":{"start":{"line":42,"column":19},"end":{"line":44,"column":7}},"17":{"start":{"line":46,"column":6},"end":{"line":49,"column":9}},"18":{"start":{"line":47,"column":8},"end":{"line":47,"column":26}},"19":{"start":{"line":48,"column":8},"end":{"line":48,"column":38}},"20":{"start":{"line":52,"column":4},"end":{"line":52,"column":11}},"21":{"start":{"line":55,"column":20},"end":{"line":55,"column":66}},"22":{"start":{"line":56,"column":24},"end":{"line":56,"column":47}},"23":{"start":{"line":59,"column":19},"end":{"line":63,"column":3}},"24":{"start":{"line":60,"column":4},"end":{"line":62,"column":7}},"25":{"start":{"line":61,"column":6},"end":{"line":61,"column":40}},"26":{"start":{"line":65,"column":2},"end":{"line":147,"column":3}},"27":{"start":{"line":66,"column":4},"end":{"line":83,"column":6}},"28":{"start":{"line":85,"column":4},"end":{"line":146,"column":5}},"29":{"start":{"line":86,"column":6},"end":{"line":91,"column":8}},"30":{"start":{"line":93,"column":6},"end":{"line":145,"column":8}}},"fnMap":{"0":{"name":"(anonymous_0)","decl":{"start":{"line":14,"column":20},"end":{"line":14,"column":21}},"loc":{"start":{"line":14,"column":26},"end":{"line":148,"column":1}},"line":14},"1":{"name":"(anonymous_1)","decl":{"start":{"line":26,"column":18},"end":{"line":26,"column":19}},"loc":{"start":{"line":26,"column":24},"end":{"line":37,"column":3}},"line":26},"2":{"name":"(anonymous_2)","decl":{"start":{"line":27,"column":17},"end":{"line":27,"column":18}},"loc":{"start":{"line":27,"column":29},"end":{"line":35,"column":5}},"line":27},"3":{"name":"(anonymous_3)","decl":{"start":{"line":32,"column":36},"end":{"line":32,"column":37}},"loc":{"start":{"line":32,"column":46},"end":{"line":34,"column":7}},"line":32},"4":{"name":"(anonymous_4)","decl":{"start":{"line":40,"column":18},"end":{"line":40,"column":19}},"loc":{"start":{"line":40,"column":24},"end":{"line":53,"column":3}},"line":40},"5":{"name":"(anonymous_5)","decl":{"start":{"line":41,"column":17},"end":{"line":41,"column":18}},"loc":{"start":{"line":41,"column":29},"end":{"line":50,"column":5}},"line":41},"6":{"name":"(anonymous_6)","decl":{"start":{"line":46,"column":29},"end":{"line":46,"column":30}},"loc":{"start":{"line":46,"column":39},"end":{"line":49,"column":7}},"line":46},"7":{"name":"(anonymous_7)","decl":{"start":{"line":59,"column":19},"end":{"line":59,"column":20}},"loc":{"start":{"line":59,"column":28},"end":{"line":63,"column":3}},"line":59},"8":{"name":"(anonymous_8)","decl":{"start":{"line":60,"column":33},"end":{"line":60,"column":34}},"loc":{"start":{"line":60,"column":40},"end":{"line":62,"column":5}},"line":60}},"branchMap":{"0":{"loc":{"start":{"line":65,"column":2},"end":{"line":147,"column":3}},"type":"if","locations":[{"start":{"line":65,"column":2},"end":{"line":147,"column":3}},{"start":{"line":65,"column":2},"end":{"line":147,"column":3}}],"line":65},"1":{"loc":{"start":{"line":85,"column":4},"end":{"line":146,"column":5}},"type":"if","locations":[{"start":{"line":85,"column":4},"end":{"line":146,"column":5}},{"start":{"line":85,"column":4},"end":{"line":146,"column":5}}],"line":85},"2":{"loc":{"start":{"line":97,"column":11},"end":{"line":99,"column":11}},"type":"binary-expr","locations":[{"start":{"line":97,"column":11},"end":{"line":97,"column":42}},{"start":{"line":97,"column":46},"end":{"line":97,"column":73}},{"start":{"line":98,"column":12},"end":{"line":98,"column":57}}],"line":97},"3":{"loc":{"start":{"line":100,"column":11},"end":{"line":111,"column":11}},"type":"binary-expr","locations":[{"start":{"line":100,"column":11},"end":{"line":100,"column":33}},{"start":{"line":101,"column":12},"end":{"line":110,"column":14}}],"line":100},"4":{"loc":{"start":{"line":112,"column":11},"end":{"line":124,"column":11}},"type":"binary-expr","locations":[{"start":{"line":112,"column":11},"end":{"line":112,"column":35}},{"start":{"line":113,"column":12},"end":{"line":123,"column":14}}],"line":112},"5":{"loc":{"start":{"line":125,"column":11},"end":{"line":130,"column":11}},"type":"binary-expr","locations":[{"start":{"line":125,"column":11},"end":{"line":125,"column":42}},{"start":{"line":126,"column":12},"end":{"line":129,"column":14}}],"line":125},"6":{"loc":{"start":{"line":131,"column":11},"end":{"line":142,"column":11}},"type":"binary-expr","locations":[{"start":{"line":131,"column":11},"end":{"line":131,"column":32}},{"start":{"line":132,"column":12},"end":{"line":141,"column":14}}],"line":131},"7":{"loc":{"start":{"line":143,"column":11},"end":{"line":143,"column":54}},"type":"binary-expr","locations":[{"start":{"line":143,"column":11},"end":{"line":143,"column":38}},{"start":{"line":143,"column":42},"end":{"line":143,"column":54}}],"line":143}},"s":{"0":0,"1":0,"2":0,"3":0,"4":0,"5":0,"6":0,"7":0,"8":0,"9":0,"10":0,"11":0,"12":0,"13":0,"14":0,"15":0,"16":0,"17":0,"18":0,"19":0,"20":0,"21":0,"22":0,"23":0,"24":0,"25":0,"26":0,"27":0,"28":0,"29":0,"30":0},"f":{"0":0,"1":0,"2":0,"3":0,"4":0,"5":0,"6":0,"7":0,"8":0},"b":{"0":[0,0],"1":[0,0],"2":[0,0,0],"3":[0,0],"4":[0,0],"5":[0,0],"6":[0,0],"7":[0,0]},"hash":"c2698d4115ede7fe3a83682e1c7c7995faa5db52"}
,"/home/hettiemcc/documents/fac/projects/teach-fish-frontend/src/pages/missionPage/Mission.style.js": {"path":"/home/hettiemcc/documents/fac/projects/teach-fish-frontend/src/pages/missionPage/Mission.style.js","statementMap":{"0":{"start":{"line":3,"column":29},"end":{"line":10,"column":1}}},"fnMap":{},"branchMap":{},"s":{"0":0},"f":{},"b":{},"hash":"555c3d8ab3be753982fefdae6e04015334c5deca"}
,"/home/hettiemcc/documents/fac/projects/teach-fish-frontend/src/pages/myMissionsPage/MyMissions.js": {"path":"/home/hettiemcc/documents/fac/projects/teach-fish-frontend/src/pages/myMissionsPage/MyMissions.js","statementMap":{"0":{"start":{"line":11,"column":19},"end":{"line":53,"column":1}},"1":{"start":{"line":12,"column":47},"end":{"line":12,"column":65}},"2":{"start":{"line":14,"column":18},"end":{"line":14,"column":30}},"3":{"start":{"line":16,"column":2},"end":{"line":28,"column":9}},"4":{"start":{"line":17,"column":17},"end":{"line":25,"column":5}},"5":{"start":{"line":18,"column":19},"end":{"line":20,"column":7}},"6":{"start":{"line":22,"column":6},"end":{"line":24,"column":9}},"7":{"start":{"line":23,"column":8},"end":{"line":23,"column":32}},"8":{"start":{"line":27,"column":4},"end":{"line":27,"column":11}},"9":{"start":{"line":30,"column":2},"end":{"line":52,"column":4}},"10":{"start":{"line":39,"column":25},"end":{"line":39,"column":51}}},"fnMap":{"0":{"name":"(anonymous_0)","decl":{"start":{"line":11,"column":19},"end":{"line":11,"column":20}},"loc":{"start":{"line":11,"column":25},"end":{"line":53,"column":1}},"line":11},"1":{"name":"(anonymous_1)","decl":{"start":{"line":16,"column":18},"end":{"line":16,"column":19}},"loc":{"start":{"line":16,"column":24},"end":{"line":28,"column":3}},"line":16},"2":{"name":"(anonymous_2)","decl":{"start":{"line":17,"column":17},"end":{"line":17,"column":18}},"loc":{"start":{"line":17,"column":29},"end":{"line":25,"column":5}},"line":17},"3":{"name":"(anonymous_3)","decl":{"start":{"line":22,"column":29},"end":{"line":22,"column":30}},"loc":{"start":{"line":22,"column":39},"end":{"line":24,"column":7}},"line":22},"4":{"name":"(anonymous_4)","decl":{"start":{"line":39,"column":19},"end":{"line":39,"column":20}},"loc":{"start":{"line":39,"column":25},"end":{"line":39,"column":51}},"line":39}},"branchMap":{},"s":{"0":2,"1":3,"2":3,"3":3,"4":3,"5":3,"6":0,"7":0,"8":3,"9":3,"10":0},"f":{"0":3,"1":3,"2":3,"3":0,"4":0},"b":{},"_coverageSchema":"43e27e138ebf9cfc5966b082cf9a028302ed4184","hash":"c6b36d5eae4e67b4770216a23778a7a8f11e967a"}
,"/home/hettiemcc/documents/fac/projects/teach-fish-frontend/src/pages/myMissionsPage/MyMissions.style.js": {"path":"/home/hettiemcc/documents/fac/projects/teach-fish-frontend/src/pages/myMissionsPage/MyMissions.style.js","statementMap":{"0":{"start":{"line":3,"column":13},"end":{"line":8,"column":1}},"1":{"start":{"line":10,"column":15},"end":{"line":16,"column":1}},"2":{"start":{"line":18,"column":16},"end":{"line":21,"column":1}},"3":{"start":{"line":23,"column":20},"end":{"line":31,"column":1}},"4":{"start":{"line":33,"column":20},"end":{"line":36,"column":1}}},"fnMap":{},"branchMap":{},"s":{"0":2,"1":2,"2":2,"3":2,"4":2},"f":{},"b":{},"_coverageSchema":"43e27e138ebf9cfc5966b082cf9a028302ed4184","hash":"693e7b4e74a769cbd33b3d8e32e5f91e4c353123"}
,"/home/hettiemcc/documents/fac/projects/teach-fish-frontend/src/pages/myProfilePage/MyProfile.js": {"path":"/home/hettiemcc/documents/fac/projects/teach-fish-frontend/src/pages/myProfilePage/MyProfile.js","statementMap":{"0":{"start":{"line":6,"column":18},"end":{"line":14,"column":1}},"1":{"start":{"line":7,"column":2},"end":{"line":13,"column":4}}},"fnMap":{"0":{"name":"(anonymous_0)","decl":{"start":{"line":6,"column":18},"end":{"line":6,"column":19}},"loc":{"start":{"line":6,"column":24},"end":{"line":14,"column":1}},"line":6}},"branchMap":{},"s":{"0":1,"1":2},"f":{"0":2},"b":{},"_coverageSchema":"43e27e138ebf9cfc5966b082cf9a028302ed4184","hash":"004d8f2aa6923a2f7496302cd49840b8a9e59055"}
,"/home/hettiemcc/documents/fac/projects/teach-fish-frontend/src/pages/signUpPage/SignUp.js": {"path":"/home/hettiemcc/documents/fac/projects/teach-fish-frontend/src/pages/signUpPage/SignUp.js","statementMap":{"0":{"start":{"line":14,"column":15},"end":{"line":105,"column":1}},"1":{"start":{"line":15,"column":56},"end":{"line":15,"column":78}},"2":{"start":{"line":16,"column":38},"end":{"line":16,"column":60}},"3":{"start":{"line":23,"column":18},"end":{"line":23,"column":30}},"4":{"start":{"line":24,"column":16},"end":{"line":24,"column":57}},"5":{"start":{"line":26,"column":15},"end":{"line":26,"column":43}},"6":{"start":{"line":27,"column":16},"end":{"line":27,"column":40}},"7":{"start":{"line":29,"column":26},"end":{"line":35,"column":4}},"8":{"start":{"line":37,"column":23},"end":{"line":40,"column":3}},"9":{"start":{"line":38,"column":28},"end":{"line":38,"column":40}},"10":{"start":{"line":39,"column":4},"end":{"line":39,"column":40}},"11":{"start":{"line":42,"column":23},"end":{"line":53,"column":3}},"12":{"start":{"line":43,"column":4},"end":{"line":43,"column":27}},"13":{"start":{"line":45,"column":4},"end":{"line":51,"column":7}},"14":{"start":{"line":52,"column":4},"end":{"line":52,"column":33}},"15":{"start":{"line":56,"column":2},"end":{"line":70,"column":41}},"16":{"start":{"line":58,"column":20},"end":{"line":58,"column":35}},"17":{"start":{"line":60,"column":17},"end":{"line":67,"column":5}},"18":{"start":{"line":61,"column":19},"end":{"line":63,"column":7}},"19":{"start":{"line":65,"column":25},"end":{"line":65,"column":42}},"20":{"start":{"line":66,"column":6},"end":{"line":66,"column":40}},"21":{"start":{"line":69,"column":4},"end":{"line":69,"column":11}},"22":{"start":{"line":72,"column":2},"end":{"line":76,"column":36}},"23":{"start":{"line":73,"column":4},"end":{"line":75,"column":5}},"24":{"start":{"line":74,"column":6},"end":{"line":74,"column":42}},"25":{"start":{"line":78,"column":2},"end":{"line":86,"column":21}},"26":{"start":{"line":79,"column":18},"end":{"line":79,"column":59}},"27":{"start":{"line":80,"column":4},"end":{"line":85,"column":5}},"28":{"start":{"line":81,"column":6},"end":{"line":84,"column":9}},"29":{"start":{"line":88,"column":2},"end":{"line":104,"column":4}}},"fnMap":{"0":{"name":"(anonymous_0)","decl":{"start":{"line":14,"column":15},"end":{"line":14,"column":16}},"loc":{"start":{"line":14,"column":21},"end":{"line":105,"column":1}},"line":14},"1":{"name":"(anonymous_1)","decl":{"start":{"line":37,"column":23},"end":{"line":37,"column":24}},"loc":{"start":{"line":37,"column":34},"end":{"line":40,"column":3}},"line":37},"2":{"name":"(anonymous_2)","decl":{"start":{"line":42,"column":23},"end":{"line":42,"column":24}},"loc":{"start":{"line":42,"column":40},"end":{"line":53,"column":3}},"line":42},"3":{"name":"(anonymous_3)","decl":{"start":{"line":56,"column":18},"end":{"line":56,"column":19}},"loc":{"start":{"line":56,"column":24},"end":{"line":70,"column":3}},"line":56},"4":{"name":"(anonymous_4)","decl":{"start":{"line":60,"column":17},"end":{"line":60,"column":18}},"loc":{"start":{"line":60,"column":29},"end":{"line":67,"column":5}},"line":60},"5":{"name":"(anonymous_5)","decl":{"start":{"line":72,"column":18},"end":{"line":72,"column":19}},"loc":{"start":{"line":72,"column":24},"end":{"line":76,"column":3}},"line":72},"6":{"name":"(anonymous_6)","decl":{"start":{"line":78,"column":18},"end":{"line":78,"column":19}},"loc":{"start":{"line":78,"column":24},"end":{"line":86,"column":3}},"line":78}},"branchMap":{"0":{"loc":{"start":{"line":26,"column":15},"end":{"line":26,"column":43}},"type":"cond-expr","locations":[{"start":{"line":26,"column":23},"end":{"line":26,"column":38}},{"start":{"line":26,"column":41},"end":{"line":26,"column":43}}],"line":26},"1":{"loc":{"start":{"line":27,"column":16},"end":{"line":27,"column":40}},"type":"cond-expr","locations":[{"start":{"line":27,"column":24},"end":{"line":27,"column":35}},{"start":{"line":27,"column":38},"end":{"line":27,"column":40}}],"line":27},"2":{"loc":{"start":{"line":73,"column":4},"end":{"line":75,"column":5}},"type":"if","locations":[{"start":{"line":73,"column":4},"end":{"line":75,"column":5}},{"start":{"line":73,"column":4},"end":{"line":75,"column":5}}],"line":73},"3":{"loc":{"start":{"line":80,"column":4},"end":{"line":85,"column":5}},"type":"if","locations":[{"start":{"line":80,"column":4},"end":{"line":85,"column":5}},{"start":{"line":80,"column":4},"end":{"line":85,"column":5}}],"line":80}},"s":{"0":2,"1":3,"2":3,"3":3,"4":3,"5":3,"6":3,"7":3,"8":3,"9":0,"10":0,"11":3,"12":0,"13":0,"14":0,"15":3,"16":3,"17":3,"18":3,"19":0,"20":0,"21":3,"22":3,"23":3,"24":0,"25":3,"26":3,"27":3,"28":0,"29":3},"f":{"0":3,"1":0,"2":0,"3":3,"4":3,"5":3,"6":3},"b":{"0":[0,3],"1":[0,3],"2":[0,3],"3":[0,3]},"_coverageSchema":"43e27e138ebf9cfc5966b082cf9a028302ed4184","hash":"e78ea5c4477cf7ea0deb97d8401e434609323eeb"}
,"/home/hettiemcc/documents/fac/projects/teach-fish-frontend/src/pages/signUpPage/SignUp.style.js": {"path":"/home/hettiemcc/documents/fac/projects/teach-fish-frontend/src/pages/signUpPage/SignUp.style.js","statementMap":{"0":{"start":{"line":3,"column":22},"end":{"line":11,"column":1}},"1":{"start":{"line":13,"column":25},"end":{"line":17,"column":1}}},"fnMap":{},"branchMap":{},"s":{"0":2,"1":2},"f":{},"b":{},"_coverageSchema":"43e27e138ebf9cfc5966b082cf9a028302ed4184","hash":"20f7de5cb59ca3debbda9c72531c6aeab550cec0"}
,"/home/hettiemcc/documents/fac/projects/teach-fish-frontend/src/utils/AppContext.js": {"path":"/home/hettiemcc/documents/fac/projects/teach-fish-frontend/src/utils/AppContext.js","statementMap":{"0":{"start":{"line":3,"column":19},"end":{"line":3,"column":34}},"1":{"start":{"line":6,"column":34},"end":{"line":6,"column":44}},"2":{"start":{"line":7,"column":36},"end":{"line":10,"column":4}},"3":{"start":{"line":11,"column":54},"end":{"line":11,"column":69}},"4":{"start":{"line":12,"column":42},"end":{"line":12,"column":57}},"5":{"start":{"line":14,"column":24},"end":{"line":23,"column":3}},"6":{"start":{"line":25,"column":2},"end":{"line":29,"column":4}}},"fnMap":{"0":{"name":"AppContextProvider","decl":{"start":{"line":5,"column":9},"end":{"line":5,"column":27}},"loc":{"start":{"line":5,"column":35},"end":{"line":30,"column":1}},"line":5}},"branchMap":{},"s":{"0":2,"1":5,"2":5,"3":5,"4":5,"5":5,"6":5},"f":{"0":5},"b":{},"_coverageSchema":"43e27e138ebf9cfc5966b082cf9a028302ed4184","hash":"b7c64015ab6e00d10e676f39eef0a06e27ec419d"}
,"/home/hettiemcc/documents/fac/projects/teach-fish-frontend/src/utils/auth.js": {"path":"/home/hettiemcc/documents/fac/projects/teach-fish-frontend/src/utils/auth.js","statementMap":{"0":{"start":{"line":6,"column":4},"end":{"line":6,"column":69}},"1":{"start":{"line":8,"column":2},"end":{"line":8,"column":17}}},"fnMap":{"0":{"name":"requireAuthentication","decl":{"start":{"line":4,"column":24},"end":{"line":4,"column":45}},"loc":{"start":{"line":4,"column":63},"end":{"line":9,"column":1}},"line":4},"1":{"name":"AuthHOC","decl":{"start":{"line":5,"column":11},"end":{"line":5,"column":18}},"loc":{"start":{"line":5,"column":26},"end":{"line":7,"column":3}},"line":5}},"branchMap":{"0":{"loc":{"start":{"line":6,"column":11},"end":{"line":6,"column":68}},"type":"cond-expr","locations":[{"start":{"line":6,"column":18},"end":{"line":6,"column":54}},{"start":{"line":6,"column":57},"end":{"line":6,"column":68}}],"line":6}},"s":{"0":0,"1":0},"f":{"0":0,"1":0},"b":{"0":[0,0]},"hash":"b491d7ec22e88d0f808b3c0eaa60d91eb7b46547"}
,"/home/hettiemcc/documents/fac/projects/teach-fish-frontend/src/utils/fetch-data.js": {"path":"/home/hettiemcc/documents/fac/projects/teach-fish-frontend/src/utils/fetch-data.js","statementMap":{},"fnMap":{},"branchMap":{},"s":{},"f":{},"b":{},"hash":"0ce207732c25f08c4c33627d998cbf4912a3aa14"}
,"/home/hettiemcc/documents/fac/projects/teach-fish-frontend/src/utils/identityActions.js": {"path":"/home/hettiemcc/documents/fac/projects/teach-fish-frontend/src/utils/identityActions.js","statementMap":{"0":{"start":{"line":4,"column":2},"end":{"line":25,"column":3}},"1":{"start":{"line":12,"column":8},"end":{"line":12,"column":37}},"2":{"start":{"line":14,"column":4},"end":{"line":24,"column":6}},"3":{"start":{"line":29,"column":2},"end":{"line":29,"column":35}}},"fnMap":{"0":{"name":"loginUser","decl":{"start":{"line":3,"column":16},"end":{"line":3,"column":25}},"loc":{"start":{"line":3,"column":28},"end":{"line":26,"column":1}},"line":3},"1":{"name":"logoutUser","decl":{"start":{"line":28,"column":16},"end":{"line":28,"column":26}},"loc":{"start":{"line":28,"column":29},"end":{"line":30,"column":1}},"line":28}},"branchMap":{"0":{"loc":{"start":{"line":4,"column":2},"end":{"line":25,"column":3}},"type":"if","locations":[{"start":{"line":4,"column":2},"end":{"line":25,"column":3}},{"start":{"line":4,"column":2},"end":{"line":25,"column":3}}],"line":4},"1":{"loc":{"start":{"line":4,"column":6},"end":{"line":4,"column":54}},"type":"binary-expr","locations":[{"start":{"line":4,"column":6},"end":{"line":4,"column":21}},{"start":{"line":4,"column":25},"end":{"line":4,"column":54}}],"line":4}},"s":{"0":0,"1":0,"2":0,"3":0},"f":{"0":0,"1":0},"b":{"0":[0,0],"1":[0,0]},"hash":"e9553f5aa57b3c69526b5987719e2fb0ef8a0d03"}
,"/home/hettiemcc/documents/fac/projects/teach-fish-frontend/src/utils/post-data.js": {"path":"/home/hettiemcc/documents/fac/projects/teach-fish-frontend/src/utils/post-data.js","statementMap":{"0":{"start":{"line":3,"column":15},"end":{"line":3,"column":34}},"1":{"start":{"line":4,"column":65},"end":{"line":4,"column":76}},"2":{"start":{"line":6,"column":13},"end":{"line":9,"column":25}},"3":{"start":{"line":11,"column":21},"end":{"line":11,"column":36}},"4":{"start":{"line":12,"column":21},"end":{"line":12,"column":37}},"5":{"start":{"line":16,"column":17},"end":{"line":22,"column":1}},"6":{"start":{"line":17,"column":20},"end":{"line":17,"column":53}},"7":{"start":{"line":24,"column":21},"end":{"line":29,"column":1}},"8":{"start":{"line":25,"column":2},"end":{"line":28,"column":4}},"9":{"start":{"line":31,"column":20},"end":{"line":59,"column":1}},"10":{"start":{"line":33,"column":16},"end":{"line":33,"column":57}},"11":{"start":{"line":34,"column":2},"end":{"line":34,"column":30}},"12":{"start":{"line":38,"column":2},"end":{"line":38,"column":30}},"13":{"start":{"line":39,"column":2},"end":{"line":39,"column":44}},"14":{"start":{"line":40,"column":2},"end":{"line":40,"column":32}},"15":{"start":{"line":41,"column":2},"end":{"line":41,"column":57}},"16":{"start":{"line":42,"column":2},"end":{"line":58,"column":3}},"17":{"start":{"line":43,"column":26},"end":{"line":54,"column":6}},"18":{"start":{"line":55,"column":4},"end":{"line":55,"column":45}},"19":{"start":{"line":57,"column":4},"end":{"line":57,"column":23}},"20":{"start":{"line":61,"column":20},"end":{"line":68,"column":1}},"21":{"start":{"line":62,"column":2},"end":{"line":67,"column":3}},"22":{"start":{"line":63,"column":26},"end":{"line":63,"column":59}},"23":{"start":{"line":64,"column":4},"end":{"line":64,"column":45}},"24":{"start":{"line":66,"column":4},"end":{"line":66,"column":23}}},"fnMap":{"0":{"name":"(anonymous_0)","decl":{"start":{"line":16,"column":17},"end":{"line":16,"column":18}},"loc":{"start":{"line":16,"column":37},"end":{"line":22,"column":1}},"line":16},"1":{"name":"(anonymous_1)","decl":{"start":{"line":24,"column":21},"end":{"line":24,"column":22}},"loc":{"start":{"line":24,"column":33},"end":{"line":29,"column":1}},"line":24},"2":{"name":"(anonymous_2)","decl":{"start":{"line":31,"column":20},"end":{"line":31,"column":21}},"loc":{"start":{"line":31,"column":38},"end":{"line":59,"column":1}},"line":31},"3":{"name":"(anonymous_3)","decl":{"start":{"line":61,"column":20},"end":{"line":61,"column":21}},"loc":{"start":{"line":61,"column":38},"end":{"line":68,"column":1}},"line":61}},"branchMap":{},"s":{"0":0,"1":0,"2":0,"3":0,"4":0,"5":0,"6":0,"7":0,"8":0,"9":0,"10":0,"11":0,"12":0,"13":0,"14":0,"15":0,"16":0,"17":0,"18":0,"19":0,"20":0,"21":0,"22":0,"23":0,"24":0},"f":{"0":0,"1":0,"2":0,"3":0},"b":{},"hash":"5464f7a5cfe0ddf4f3c89385a041d3e339fbf629"}
}
