TN:
SF:/home/hettiemcc/documents/fac/projects/teach-fish-frontend/src/App.js
FN:16,(anonymous_0)
FN:18,(anonymous_1)
FN:25,(anonymous_2)
FN:26,(anonymous_3)
FN:36,(anonymous_4)
FN:37,(anonymous_5)
FN:38,(anonymous_6)
FNF:7
FNH:0
FNDA:0,(anonymous_0)
FNDA:0,(anonymous_1)
FNDA:0,(anonymous_2)
FNDA:0,(anonymous_3)
FNDA:0,(anonymous_4)
FNDA:0,(anonymous_5)
FNDA:0,(anonymous_6)
DA:16,0
DA:17,0
DA:18,0
DA:19,0
DA:20,0
DA:21,0
DA:23,0
DA:25,0
DA:26,0
DA:27,0
DA:31,0
DA:36,0
DA:37,0
DA:38,0
LF:14
LH:0
BRDA:20,0,0,0
BRDA:20,0,1,0
BRF:2
BRH:0
end_of_record
TN:
SF:/home/hettiemcc/documents/fac/projects/teach-fish-frontend/src/App.style.js
FNF:0
FNH:0
DA:3,0
LF:1
LH:0
BRF:0
BRH:0
end_of_record
TN:
SF:/home/hettiemcc/documents/fac/projects/teach-fish-frontend/src/index.js
FNF:0
FNH:0
DA:8,0
DA:10,0
DA:20,0
LF:3
LH:0
BRF:0
BRH:0
end_of_record
TN:
SF:/home/hettiemcc/documents/fac/projects/teach-fish-frontend/src/components/global/colours.js
FNF:0
FNH:0
DA:1,18
DA:2,18
DA:3,18
DA:4,18
DA:5,18
DA:6,18
DA:7,18
LF:7
LH:7
BRF:0
BRH:0
end_of_record
TN:
SF:/home/hettiemcc/documents/fac/projects/teach-fish-frontend/src/components/global/buttons/Buttons.js
FN:9,(anonymous_0)
FN:25,(anonymous_1)
FN:40,(anonymous_2)
FN:53,(anonymous_3)
FN:69,(anonymous_4)
FNF:5
FNH:5
FNDA:16,(anonymous_0)
FNDA:26,(anonymous_1)
FNDA:1,(anonymous_2)
FNDA:1,(anonymous_3)
FNDA:1,(anonymous_4)
DA:9,16
DA:25,10
DA:26,26
DA:28,26
DA:40,10
DA:41,1
DA:43,1
DA:53,10
DA:54,1
DA:56,1
DA:69,10
DA:70,1
DA:72,1
LF:13
LH:13
BRF:0
BRH:0
end_of_record
TN:
SF:/home/hettiemcc/documents/fac/projects/teach-fish-frontend/src/components/global/confetti/Confetti.js
FN:5,(anonymous_0)
FNF:1
FNH:1
FNDA:1,(anonymous_0)
DA:6,1
DA:7,1
LF:2
LH:2
BRF:0
BRH:0
end_of_record
TN:
SF:/home/hettiemcc/documents/fac/projects/teach-fish-frontend/src/components/global/forms/Label.js
FNF:0
FNH:0
DA:3,4
LF:1
LH:1
BRF:0
BRH:0
end_of_record
TN:
SF:/home/hettiemcc/documents/fac/projects/teach-fish-frontend/src/components/global/forms/dateInput/DateInput.js
FN:4,(anonymous_0)
FNF:1
FNH:1
FNDA:4,(anonymous_0)
DA:4,3
DA:5,4
LF:2
LH:2
BRF:0
BRH:0
end_of_record
TN:
SF:/home/hettiemcc/documents/fac/projects/teach-fish-frontend/src/components/global/forms/dropdown/Dropdown.js
FN:4,(anonymous_0)
FN:25,(anonymous_1)
FNF:2
FNH:2
FNDA:4,(anonymous_0)
FNDA:4,(anonymous_1)
DA:4,3
DA:5,4
DA:25,3
DA:26,4
LF:4
LH:4
BRF:0
BRH:0
end_of_record
TN:
SF:/home/hettiemcc/documents/fac/projects/teach-fish-frontend/src/components/global/forms/radioButtons/RadioButtons.js
FN:4,(anonymous_0)
FNF:1
FNH:1
FNDA:3,(anonymous_0)
DA:4,2
DA:5,3
LF:2
LH:2
BRF:0
BRH:0
end_of_record
TN:
SF:/home/hettiemcc/documents/fac/projects/teach-fish-frontend/src/components/global/forms/radioButtons/RadioButtons.style.js
FNF:0
FNH:0
DA:3,2
LF:1
LH:1
BRF:0
BRH:0
end_of_record
TN:
SF:/home/hettiemcc/documents/fac/projects/teach-fish-frontend/src/components/global/forms/textArea/TextArea.js
FN:4,(anonymous_0)
FNF:1
FNH:1
FNDA:2,(anonymous_0)
DA:4,2
DA:5,2
LF:2
LH:2
BRF:0
BRH:0
end_of_record
TN:
SF:/home/hettiemcc/documents/fac/projects/teach-fish-frontend/src/components/global/forms/textArea/TextArea.style.js
FNF:0
FNH:0
DA:3,2
DA:8,2
LF:2
LH:2
BRF:0
BRH:0
end_of_record
TN:
SF:/home/hettiemcc/documents/fac/projects/teach-fish-frontend/src/components/global/heading/Heading.js
FNF:0
FNH:0
DA:4,7
LF:1
LH:1
BRF:0
BRH:0
end_of_record
TN:
SF:/home/hettiemcc/documents/fac/projects/teach-fish-frontend/src/components/global/icons/back/BackIcon.js
FN:10,(anonymous_0)
FN:26,(anonymous_1)
FN:32,(anonymous_2)
FNF:3
FNH:2
FNDA:3,(anonymous_0)
FNDA:4,(anonymous_1)
FNDA:0,(anonymous_2)
DA:10,3
DA:17,3
DA:26,3
DA:27,4
DA:28,4
DA:29,4
DA:32,0
LF:7
LH:6
BRF:0
BRH:0
end_of_record
TN:
SF:/home/hettiemcc/documents/fac/projects/teach-fish-frontend/src/components/global/images/ImgWrapper.js
FNF:0
FNH:0
DA:3,2
LF:1
LH:1
BRF:0
BRH:0
end_of_record
TN:
SF:/home/hettiemcc/documents/fac/projects/teach-fish-frontend/src/components/global/links/Links.js
FNF:0
FNH:0
DA:4,3
LF:1
LH:1
BRF:0
BRH:0
end_of_record
TN:
SF:/home/hettiemcc/documents/fac/projects/teach-fish-frontend/src/components/global/navbar/Navbar.js
FN:11,(anonymous_0)
FN:28,(anonymous_1)
FN:39,(anonymous_2)
FNF:3
FNH:2
FNDA:4,(anonymous_0)
FNDA:6,(anonymous_1)
FNDA:0,(anonymous_2)
DA:11,4
DA:28,4
DA:29,6
DA:31,6
DA:39,0
LF:5
LH:4
BRF:0
BRH:0
end_of_record
TN:
SF:/home/hettiemcc/documents/fac/projects/teach-fish-frontend/src/components/global/navbar/Navbar.style.js
FNF:0
FNH:0
DA:4,4
LF:1
LH:1
BRF:0
BRH:0
end_of_record
TN:
SF:/home/hettiemcc/documents/fac/projects/teach-fish-frontend/src/components/global/paragraph/Paragraph.js
FNF:0
FNH:0
DA:3,3
LF:1
LH:1
BRF:0
BRH:0
end_of_record
TN:
SF:/home/hettiemcc/documents/fac/projects/teach-fish-frontend/src/components/global/sectionTitle/SectionTitle.js
FNF:0
FNH:0
DA:4,1
LF:1
LH:1
BRF:0
BRH:0
end_of_record
TN:
SF:/home/hettiemcc/documents/fac/projects/teach-fish-frontend/src/components/global/subheading/Subheading.js
FNF:0
FNH:0
DA:4,7
LF:1
LH:1
BRF:0
BRH:0
end_of_record
TN:
SF:/home/hettiemcc/documents/fac/projects/teach-fish-frontend/src/components/missions/complete/Complete.js
FN:26,(anonymous_0)
FNF:1
FNH:1
FNDA:1,(anonymous_0)
DA:10,1
DA:26,1
DA:27,1
DA:29,1
LF:4
LH:4
BRF:0
BRH:0
end_of_record
TN:
SF:/home/hettiemcc/documents/fac/projects/teach-fish-frontend/src/components/missions/complete/Complete.style.js
FNF:0
FNH:0
DA:4,1
DA:13,1
DA:21,1
DA:25,1
LF:4
LH:4
BRF:0
BRH:0
end_of_record
TN:
SF:/home/hettiemcc/documents/fac/projects/teach-fish-frontend/src/components/missions/getSet/GetSet.js
FN:14,(anonymous_0)
FN:42,(anonymous_1)
FNF:2
FNH:1
FNDA:1,(anonymous_0)
FNDA:0,(anonymous_1)
DA:14,1
DA:15,1
DA:42,0
LF:3
LH:2
BRF:0
BRH:0
end_of_record
TN:
SF:/home/hettiemcc/documents/fac/projects/teach-fish-frontend/src/components/missions/getSet/GetSet.style.js
FNF:0
FNH:0
DA:4,1
DA:6,1
DA:16,1
DA:21,1
DA:29,1
DA:34,1
DA:43,1
LF:7
LH:7
BRF:0
BRH:0
end_of_record
TN:
SF:/home/hettiemcc/documents/fac/projects/teach-fish-frontend/src/components/missions/getSetReadyGo/GetSetReadyGo.js
FN:7,(anonymous_0)
FN:39,(anonymous_1)
FNF:2
FNH:2
FNDA:1,(anonymous_0)
FNDA:2,(anonymous_1)
DA:7,1
DA:21,1
DA:31,1
DA:39,1
DA:40,2
DA:41,2
LF:6
LH:6
BRDA:46,0,0,0
BRDA:46,0,1,2
BRDA:46,1,0,2
BRDA:46,1,1,2
BRDA:53,2,0,0
BRDA:53,2,1,2
BRDA:53,3,0,2
BRDA:53,3,1,2
BRDA:61,4,0,0
BRDA:61,4,1,2
BRDA:66,5,0,0
BRDA:66,5,1,2
BRF:12
BRH:8
end_of_record
TN:
SF:/home/hettiemcc/documents/fac/projects/teach-fish-frontend/src/components/missions/go/Go.js
FN:19,(anonymous_0)
FN:33,(anonymous_1)
FN:45,(anonymous_2)
FN:73,(anonymous_3)
FN:85,(anonymous_4)
FN:95,(anonymous_5)
FN:115,(anonymous_6)
FN:116,(anonymous_7)
FNF:8
FNH:1
FNDA:1,(anonymous_0)
FNDA:0,(anonymous_1)
FNDA:0,(anonymous_2)
FNDA:0,(anonymous_3)
FNDA:0,(anonymous_4)
FNDA:0,(anonymous_5)
FNDA:0,(anonymous_6)
FNDA:0,(anonymous_7)
DA:19,1
DA:20,1
DA:21,1
DA:23,1
DA:24,1
DA:25,1
DA:33,1
DA:34,0
DA:35,0
DA:36,0
DA:45,1
DA:46,0
DA:74,0
DA:75,0
DA:76,0
DA:77,0
DA:78,0
DA:83,1
DA:85,1
DA:86,0
DA:87,0
DA:88,0
DA:89,0
DA:90,0
DA:95,1
DA:96,0
DA:97,0
DA:99,0
DA:110,0
DA:115,1
DA:116,0
DA:119,1
LF:32
LH:13
BRDA:21,0,0,0
BRDA:21,0,1,1
BRDA:74,1,0,0
BRDA:74,1,1,0
BRDA:74,2,0,0
BRDA:74,2,1,0
BRDA:74,2,2,0
BRDA:88,3,0,0
BRDA:88,3,1,0
BRDA:89,4,0,0
BRDA:89,4,1,0
BRDA:89,5,0,0
BRDA:89,5,1,0
BRDA:89,5,2,0
BRDA:123,6,0,1
BRDA:123,6,1,1
BRDA:134,7,0,0
BRDA:134,7,1,1
BRDA:147,8,0,1
BRDA:147,8,1,0
BRDA:179,9,0,1
BRDA:179,9,1,0
BRF:22
BRH:6
end_of_record
TN:
SF:/home/hettiemcc/documents/fac/projects/teach-fish-frontend/src/components/missions/go/Go.style.js
FNF:0
FNH:0
DA:3,1
DA:9,1
DA:15,1
DA:22,1
DA:33,1
DA:39,1
LF:6
LH:6
BRF:0
BRH:0
end_of_record
TN:
SF:/home/hettiemcc/documents/fac/projects/teach-fish-frontend/src/components/missions/quizComplete/QuizComplete.js
FN:7,(anonymous_0)
FN:16,(anonymous_1)
FN:32,(anonymous_2)
FNF:3
FNH:1
FNDA:2,(anonymous_0)
FNDA:0,(anonymous_1)
FNDA:0,(anonymous_2)
DA:7,1
DA:8,2
DA:9,1
DA:17,0
DA:23,1
DA:24,1
DA:33,0
LF:7
LH:5
BRDA:8,0,0,1
BRDA:8,0,1,1
BRDA:23,1,0,1
BRDA:23,1,1,0
BRF:4
BRH:3
end_of_record
TN:
SF:/home/hettiemcc/documents/fac/projects/teach-fish-frontend/src/components/missions/quizComplete/QuizComplete.style.js
FNF:0
FNH:0
DA:4,1
DA:8,1
DA:17,1
LF:3
LH:3
BRF:0
BRH:0
end_of_record
TN:
SF:/home/hettiemcc/documents/fac/projects/teach-fish-frontend/src/components/missions/ready/Ready.js
FN:10,(anonymous_0)
FN:15,(anonymous_1)
FN:31,(anonymous_2)
FN:35,(anonymous_3)
FN:72,(anonymous_4)
FNF:5
FNH:2
FNDA:1,(anonymous_0)
FNDA:1,(anonymous_1)
FNDA:0,(anonymous_2)
FNDA:0,(anonymous_3)
FNDA:0,(anonymous_4)
DA:10,1
DA:11,1
DA:12,1
DA:13,1
DA:15,1
DA:16,1
DA:17,0
DA:18,0
DA:19,0
DA:23,0
DA:25,0
DA:27,0
DA:31,1
DA:32,0
DA:35,1
DA:36,0
DA:37,0
DA:39,0
DA:41,0
DA:42,0
DA:46,1
DA:72,0
LF:22
LH:9
BRDA:16,0,0,0
BRDA:16,0,1,1
BRDA:16,1,0,1
BRDA:16,1,1,0
BRDA:19,2,0,0
BRDA:19,2,1,0
BRDA:20,3,0,0
BRDA:20,3,1,0
BRDA:41,4,0,0
BRDA:41,4,1,0
BRDA:54,5,0,1
BRDA:54,5,1,1
BRDA:62,6,0,1
BRDA:62,6,1,0
BRF:14
BRH:5
end_of_record
TN:
SF:/home/hettiemcc/documents/fac/projects/teach-fish-frontend/src/components/missions/ready/Ready.style.js
FNF:0
FNH:0
DA:3,1
LF:1
LH:1
BRF:0
BRH:0
end_of_record
TN:
SF:/home/hettiemcc/documents/fac/projects/teach-fish-frontend/src/components/missions/steps/Steps.js
FN:56,(anonymous_0)
FN:74,(anonymous_1)
FN:91,(anonymous_2)
FN:95,(anonymous_3)
FN:106,(anonymous_4)
FNF:5
FNH:5
FNDA:6,(anonymous_0)
FNDA:2,(anonymous_1)
FNDA:2,(anonymous_2)
FNDA:2,(anonymous_3)
FNDA:6,(anonymous_4)
DA:10,2
DA:33,2
DA:56,2
DA:57,6
DA:58,6
DA:60,6
DA:74,2
DA:91,2
DA:92,2
DA:95,2
DA:96,2
DA:97,2
DA:99,2
DA:107,6
LF:14
LH:14
BRDA:65,0,0,0
BRDA:65,0,1,6
BRF:2
BRH:1
end_of_record
TN:
SF:/home/hettiemcc/documents/fac/projects/teach-fish-frontend/src/pages/aboutPage/About.js
FN:9,(anonymous_0)
FN:32,(anonymous_1)
FNF:2
FNH:1
FNDA:3,(anonymous_0)
FNDA:0,(anonymous_1)
DA:9,2
DA:10,3
DA:11,3
DA:33,0
DA:34,0
LF:5
LH:3
BRF:0
BRH:0
end_of_record
TN:
SF:/home/hettiemcc/documents/fac/projects/teach-fish-frontend/src/pages/aboutPage/About.style.js
FNF:0
FNH:0
DA:3,2
DA:6,2
LF:2
LH:2
BRF:0
BRH:0
end_of_record
TN:
SF:/home/hettiemcc/documents/fac/projects/teach-fish-frontend/src/pages/landingPage/Landing.js
FN:28,(anonymous_0)
FN:42,(anonymous_1)
FNF:2
FNH:1
FNDA:5,(anonymous_0)
FNDA:0,(anonymous_1)
DA:14,2
DA:28,2
DA:29,5
DA:31,5
DA:32,5
DA:43,0
DA:44,0
LF:7
LH:5
BRF:0
BRH:0
end_of_record
TN:
SF:/home/hettiemcc/documents/fac/projects/teach-fish-frontend/src/pages/landingPage/Landing.style.js
FNF:0
FNH:0
DA:3,2
DA:12,2
DA:21,2
LF:3
LH:3
BRF:0
BRH:0
end_of_record
TN:
SF:/home/hettiemcc/documents/fac/projects/teach-fish-frontend/src/pages/missionPage/Mission.js
FN:14,(anonymous_0)
FN:26,(anonymous_1)
FN:27,(anonymous_2)
FN:32,(anonymous_3)
FN:40,(anonymous_4)
FN:41,(anonymous_5)
FN:46,(anonymous_6)
FN:59,(anonymous_7)
FN:60,(anonymous_8)
FNF:9
FNH:0
FNDA:0,(anonymous_0)
FNDA:0,(anonymous_1)
FNDA:0,(anonymous_2)
FNDA:0,(anonymous_3)
FNDA:0,(anonymous_4)
FNDA:0,(anonymous_5)
FNDA:0,(anonymous_6)
FNDA:0,(anonymous_7)
FNDA:0,(anonymous_8)
DA:14,0
DA:16,0
DA:17,0
DA:18,0
DA:20,0
DA:21,0
DA:22,0
DA:23,0
DA:26,0
DA:27,0
DA:28,0
DA:32,0
DA:33,0
DA:36,0
DA:40,0
DA:41,0
DA:42,0
DA:46,0
DA:47,0
DA:48,0
DA:52,0
DA:55,0
DA:56,0
DA:59,0
DA:60,0
DA:61,0
DA:65,0
DA:66,0
DA:85,0
DA:86,0
DA:93,0
LF:31
LH:0
BRDA:65,0,0,0
BRDA:65,0,1,0
BRDA:85,1,0,0
BRDA:85,1,1,0
BRDA:97,2,0,0
BRDA:97,2,1,0
BRDA:97,2,2,0
BRDA:100,3,0,0
BRDA:100,3,1,0
BRDA:112,4,0,0
BRDA:112,4,1,0
BRDA:125,5,0,0
BRDA:125,5,1,0
BRDA:131,6,0,0
BRDA:131,6,1,0
BRDA:143,7,0,0
BRDA:143,7,1,0
BRF:17
BRH:0
end_of_record
TN:
SF:/home/hettiemcc/documents/fac/projects/teach-fish-frontend/src/pages/missionPage/Mission.style.js
FNF:0
FNH:0
DA:3,0
LF:1
LH:0
BRF:0
BRH:0
end_of_record
TN:
SF:/home/hettiemcc/documents/fac/projects/teach-fish-frontend/src/pages/myMissionsPage/MyMissions.js
FN:11,(anonymous_0)
FN:16,(anonymous_1)
FN:17,(anonymous_2)
FN:22,(anonymous_3)
FN:39,(anonymous_4)
FNF:5
FNH:3
FNDA:3,(anonymous_0)
FNDA:3,(anonymous_1)
FNDA:3,(anonymous_2)
FNDA:0,(anonymous_3)
FNDA:0,(anonymous_4)
DA:11,2
DA:12,3
DA:14,3
DA:16,3
DA:17,3
DA:18,3
DA:22,0
DA:23,0
DA:27,3
DA:30,3
DA:39,0
LF:11
LH:8
BRF:0
BRH:0
end_of_record
TN:
SF:/home/hettiemcc/documents/fac/projects/teach-fish-frontend/src/pages/myMissionsPage/MyMissions.style.js
FNF:0
FNH:0
DA:3,2
DA:10,2
DA:18,2
DA:23,2
DA:33,2
LF:5
LH:5
BRF:0
BRH:0
end_of_record
TN:
SF:/home/hettiemcc/documents/fac/projects/teach-fish-frontend/src/pages/myProfilePage/MyProfile.js
FN:6,(anonymous_0)
FNF:1
FNH:1
FNDA:2,(anonymous_0)
DA:6,1
DA:7,2
LF:2
LH:2
BRF:0
BRH:0
end_of_record
TN:
SF:/home/hettiemcc/documents/fac/projects/teach-fish-frontend/src/pages/signUpPage/SignUp.js
FN:14,(anonymous_0)
FN:37,(anonymous_1)
FN:42,(anonymous_2)
FN:56,(anonymous_3)
FN:60,(anonymous_4)
FN:72,(anonymous_5)
FN:78,(anonymous_6)
FNF:7
FNH:5
FNDA:3,(anonymous_0)
FNDA:0,(anonymous_1)
FNDA:0,(anonymous_2)
FNDA:3,(anonymous_3)
FNDA:3,(anonymous_4)
FNDA:3,(anonymous_5)
FNDA:3,(anonymous_6)
DA:14,2
DA:15,3
DA:16,3
DA:23,3
DA:24,3
DA:26,3
DA:27,3
DA:29,3
DA:37,3
DA:38,0
DA:39,0
DA:42,3
DA:43,0
DA:45,0
DA:52,0
DA:56,3
DA:58,3
DA:60,3
DA:61,3
DA:65,0
DA:66,0
DA:69,3
DA:72,3
DA:73,3
DA:74,0
DA:78,3
DA:79,3
DA:80,3
DA:81,0
DA:88,3
LF:30
LH:21
BRDA:26,0,0,0
BRDA:26,0,1,3
BRDA:27,1,0,0
BRDA:27,1,1,3
BRDA:73,2,0,0
BRDA:73,2,1,3
BRDA:80,3,0,0
BRDA:80,3,1,3
BRF:8
BRH:4
end_of_record
TN:
SF:/home/hettiemcc/documents/fac/projects/teach-fish-frontend/src/pages/signUpPage/SignUp.style.js
FNF:0
FNH:0
DA:3,2
DA:13,2
LF:2
LH:2
BRF:0
BRH:0
end_of_record
TN:
SF:/home/hettiemcc/documents/fac/projects/teach-fish-frontend/src/utils/AppContext.js
FN:5,AppContextProvider
FNF:1
FNH:1
FNDA:5,AppContextProvider
DA:3,2
DA:6,5
DA:7,5
DA:11,5
DA:12,5
DA:14,5
DA:25,5
LF:7
LH:7
BRF:0
BRH:0
end_of_record
TN:
SF:/home/hettiemcc/documents/fac/projects/teach-fish-frontend/src/utils/auth.js
FN:4,requireAuthentication
FN:5,AuthHOC
FNF:2
FNH:0
FNDA:0,requireAuthentication
FNDA:0,AuthHOC
DA:6,0
DA:8,0
LF:2
LH:0
BRDA:6,0,0,0
BRDA:6,0,1,0
BRF:2
BRH:0
end_of_record
TN:
SF:/home/hettiemcc/documents/fac/projects/teach-fish-frontend/src/utils/fetch-data.js
FNF:0
FNH:0
LF:0
LH:0
BRF:0
BRH:0
end_of_record
TN:
SF:/home/hettiemcc/documents/fac/projects/teach-fish-frontend/src/utils/identityActions.js
FN:3,loginUser
FN:28,logoutUser
FNF:2
FNH:0
FNDA:0,loginUser
FNDA:0,logoutUser
DA:4,0
DA:12,0
DA:14,0
DA:29,0
LF:4
LH:0
BRDA:4,0,0,0
BRDA:4,0,1,0
BRDA:4,1,0,0
BRDA:4,1,1,0
BRF:4
BRH:0
end_of_record
TN:
SF:/home/hettiemcc/documents/fac/projects/teach-fish-frontend/src/utils/post-data.js
FN:16,(anonymous_0)
FN:24,(anonymous_1)
FN:31,(anonymous_2)
FN:61,(anonymous_3)
FNF:4
FNH:0
FNDA:0,(anonymous_0)
FNDA:0,(anonymous_1)
FNDA:0,(anonymous_2)
FNDA:0,(anonymous_3)
DA:3,0
DA:4,0
DA:6,0
DA:11,0
DA:12,0
DA:16,0
DA:17,0
DA:24,0
DA:25,0
DA:31,0
DA:33,0
DA:34,0
DA:38,0
DA:39,0
DA:40,0
DA:41,0
DA:42,0
DA:43,0
DA:55,0
DA:57,0
DA:61,0
DA:62,0
DA:63,0
DA:64,0
DA:66,0
LF:25
LH:0
BRF:0
BRH:0
end_of_record
